============================= test session starts ==============================
platform darwin -- Python 3.8.5, pytest-6.2.2, py-1.10.0, pluggy-0.13.1 -- /Users/jnoorbak/opt/miniconda3/bin/python
cachedir: .pytest_cache
rootdir: /Users/jnoorbak/broad/projects/depmap-omics/ccle_processing
plugins: anyio-2.2.0, plt-1.1.0
collecting ... collected 108 items

depmapomics/qc/test_compare_to_ref_release.py::test_compare_column_names[CCLE_expression] FAILED [  0%]
depmapomics/qc/test_compare_to_ref_release.py::test_compare_nan_fractions[CCLE_fusions-allcells] PASSED [  1%]
depmapomics/qc/test_compare_to_ref_release.py::test_compare_nan_fractions[CCLE_fusions-sharedcells] PASSED [  2%]
depmapomics/qc/test_compare_to_ref_release.py::test_compare_column_dtypes[CCLE_expression-pd_dtypes] PASSED [  3%]
depmapomics/qc/test_compare_to_ref_release.py::test_compare_column_dtypes[CCLE_expression-map_type] PASSED [  4%]
depmapomics/qc/test_compare_to_ref_release.py::test_source_changes[CCLE_segment_cn] SKIPPED [  5%]
depmapomics/qc/test_compare_to_ref_release.py::test_compare_column_names[CCLE_expression_proteincoding_genes_expected_count] FAILED [  6%]
depmapomics/qc/test_compare_to_ref_release.py::test_compare_nan_fractions[CCLE_fusions_unfiltered-allcells] PASSED [  7%]
depmapomics/qc/test_compare_to_ref_release.py::test_compare_nan_fractions[CCLE_fusions_unfiltered-sharedcells] PASSED [  8%]
depmapomics/qc/test_compare_to_ref_release.py::test_compare_column_dtypes[CCLE_expression_proteincoding_genes_expected_count-pd_dtypes] PASSED [  9%]
depmapomics/qc/test_compare_to_ref_release.py::test_compare_column_dtypes[CCLE_expression_proteincoding_genes_expected_count-map_type] PASSED [ 10%]
depmapomics/qc/test_compare_to_ref_release.py::test_compare_column_names[CCLE_RNAseq_transcripts] FAILED [ 11%]
depmapomics/qc/test_compare_to_ref_release.py::test_compare_column_dtypes[CCLE_RNAseq_transcripts-pd_dtypes] PASSED [ 12%]
depmapomics/qc/test_compare_to_ref_release.py::test_compare_column_dtypes[CCLE_RNAseq_transcripts-map_type] PASSED [ 12%]
depmapomics/qc/test_compare_to_ref_release.py::test_compare_column_names[CCLE_expression_transcripts_expected_count] ERROR [ 13%]
depmapomics/qc/test_compare_to_ref_release.py::test_compare_column_dtypes[CCLE_expression_transcripts_expected_count-pd_dtypes] ERROR [ 14%]
depmapomics/qc/test_compare_to_ref_release.py::test_compare_column_dtypes[CCLE_expression_transcripts_expected_count-map_type] ERROR [ 15%]
depmapomics/qc/test_compare_to_ref_release.py::test_compare_column_names[CCLE_expression_full] ERROR [ 16%]
depmapomics/qc/test_compare_to_ref_release.py::test_compare_column_dtypes[CCLE_expression_full-pd_dtypes] ERROR [ 17%]
depmapomics/qc/test_compare_to_ref_release.py::test_compare_column_dtypes[CCLE_expression_full-map_type] ERROR [ 18%]
depmapomics/qc/test_compare_to_ref_release.py::test_compare_column_names[CCLE_RNAseq_reads] FAILED [ 19%]
depmapomics/qc/test_compare_to_ref_release.py::test_compare_column_dtypes[CCLE_RNAseq_reads-pd_dtypes] FAILED [ 20%]
depmapomics/qc/test_compare_to_ref_release.py::test_compare_column_dtypes[CCLE_RNAseq_reads-map_type] FAILED [ 21%]
depmapomics/qc/test_compare_to_ref_release.py::test_compare_column_names[CCLE_fusions] PASSED [ 22%]
depmapomics/qc/test_compare_to_ref_release.py::test_compare_column_dtypes[CCLE_fusions-pd_dtypes] PASSED [ 23%]
depmapomics/qc/test_compare_to_ref_release.py::test_compare_column_dtypes[CCLE_fusions-map_type] PASSED [ 24%]
depmapomics/qc/test_compare_to_ref_release.py::test_compare_column_names[CCLE_fusions_unfiltered] PASSED [ 25%]
depmapomics/qc/test_compare_to_ref_release.py::test_compare_column_dtypes[CCLE_fusions_unfiltered-pd_dtypes] PASSED [ 25%]
depmapomics/qc/test_compare_to_ref_release.py::test_compare_column_dtypes[CCLE_fusions_unfiltered-map_type] PASSED [ 26%]
depmapomics/qc/test_compare_to_ref_release.py::test_matrix_correlations[CCLE_expression-0.99999-persample-spearman] FAILED [ 27%]
depmapomics/qc/test_compare_to_ref_release.py::test_matrix_correlations[CCLE_expression-0.99999-persample-pearson] SKIPPED [ 28%]
depmapomics/qc/test_compare_to_ref_release.py::test_matrix_correlations[CCLE_expression-0.99999-pergene-spearman] SKIPPED [ 29%]
depmapomics/qc/test_compare_to_ref_release.py::test_matrix_correlations[CCLE_expression-0.99999-pergene-pearson] SKIPPED [ 30%]
depmapomics/qc/test_compare_to_ref_release.py::test_matrix_correlations[CCLE_expression_proteincoding_genes_expected_count-0.99999-persample-spearman] FAILED [ 31%]
depmapomics/qc/test_compare_to_ref_release.py::test_matrix_correlations[CCLE_expression_proteincoding_genes_expected_count-0.99999-persample-pearson] SKIPPED [ 32%]
depmapomics/qc/test_compare_to_ref_release.py::test_matrix_correlations[CCLE_expression_proteincoding_genes_expected_count-0.99999-pergene-spearman] SKIPPED [ 33%]
depmapomics/qc/test_compare_to_ref_release.py::test_matrix_correlations[CCLE_expression_proteincoding_genes_expected_count-0.99999-pergene-pearson] SKIPPED [ 34%]
depmapomics/qc/test_compare_to_ref_release.py::test_matrix_correlations[CCLE_RNAseq_transcripts-0.99999-persample-spearman] 