REFERENCE_RELEASE: internal-21q2-9d16.17
VIRTUAL_RELEASE: tentative-virtual-d84e.27
============================= test session starts ==============================
platform darwin -- Python 3.8.5, pytest-6.2.2, py-1.10.0, pluggy-0.13.1 -- /Users/jnoorbak/opt/miniconda3/bin/python
cachedir: .pytest_cache
rootdir: /Users/jnoorbak/broad/projects/depmap-omics/ccle_processing/depmapomics/qc, configfile: pytest.ini
plugins: anyio-2.2.0, plt-1.1.0
collecting ... collected 108 items

test_compare_to_ref_release.py::test_compare_column_names[CCLE_expression] FAILED [  0%]
test_compare_to_ref_release.py::test_compare_nan_fractions[CCLE_fusions-allcells] PASSED [  1%]
test_compare_to_ref_release.py::test_compare_nan_fractions[CCLE_fusions-sharedcells] PASSED [  2%]
test_compare_to_ref_release.py::test_compare_column_dtypes[CCLE_expression-pd_dtypes] PASSED [  3%]
test_compare_to_ref_release.py::test_compare_column_dtypes[CCLE_expression-map_type] PASSED [  4%]
test_compare_to_ref_release.py::test_source_changes[CCLE_segment_cn] SKIPPED [  5%]
test_compare_to_ref_release.py::test_compare_column_names[CCLE_expression_proteincoding_genes_expected_count] FAILED [  6%]
test_compare_to_ref_release.py::test_compare_nan_fractions[CCLE_fusions_unfiltered-allcells] PASSED [  7%]
test_compare_to_ref_release.py::test_compare_nan_fractions[CCLE_fusions_unfiltered-sharedcells] PASSED [  8%]
test_compare_to_ref_release.py::test_compare_column_dtypes[CCLE_expression_proteincoding_genes_expected_count-pd_dtypes] PASSED [  9%]
test_compare_to_ref_release.py::test_compare_column_dtypes[CCLE_expression_proteincoding_genes_expected_count-map_type] PASSED [ 10%]
test_compare_to_ref_release.py::test_compare_column_names[CCLE_RNAseq_transcripts] FAILED [ 11%]
test_compare_to_ref_release.py::test_compare_column_dtypes[CCLE_RNAseq_transcripts-pd_dtypes] PASSED [ 12%]
test_compare_to_ref_release.py::test_compare_column_dtypes[CCLE_RNAseq_transcripts-map_type] PASSED [ 12%]
test_compare_to_ref_release.py::test_compare_column_names[CCLE_expression_transcripts_expected_count] FAILED [ 13%]
test_compare_to_ref_release.py::test_compare_column_dtypes[CCLE_expression_transcripts_expected_count-pd_dtypes] PASSED [ 14%]
test_compare_to_ref_release.py::test_compare_column_dtypes[CCLE_expression_transcripts_expected_count-map_type] PASSED [ 15%]
test_compare_to_ref_release.py::test_compare_column_names[CCLE_expression_full] FAILED [ 16%]
test_compare_to_ref_release.py::test_compare_column_dtypes[CCLE_expression_full-pd_dtypes] PASSED [ 17%]
test_compare_to_ref_release.py::test_compare_column_dtypes[CCLE_expression_full-map_type] PASSED [ 18%]
test_compare_to_ref_release.py::test_compare_column_names[CCLE_RNAseq_reads] FAILED [ 19%]
test_compare_to_ref_release.py::test_compare_column_dtypes[CCLE_RNAseq_reads-pd_dtypes] PASSED [ 20%]
test_compare_to_ref_release.py::test_compare_column_dtypes[CCLE_RNAseq_reads-map_type] PASSED [ 21%]
test_compare_to_ref_release.py::test_compare_column_names[CCLE_fusions] PASSED [ 22%]
test_compare_to_ref_release.py::test_compare_column_dtypes[CCLE_fusions-pd_dtypes] PASSED [ 23%]
test_compare_to_ref_release.py::test_compare_column_dtypes[CCLE_fusions-map_type] PASSED [ 24%]
test_compare_to_ref_release.py::test_compare_column_names[CCLE_fusions_unfiltered] PASSED [ 25%]
test_compare_to_ref_release.py::test_compare_column_dtypes[CCLE_fusions_unfiltered-pd_dtypes] PASSED [ 25%]
test_compare_to_ref_release.py::test_compare_column_dtypes[CCLE_fusions_unfiltered-map_type] PASSED [ 26%]
test_compare_to_ref_release.py::test_matrix_correlations[CCLE_expression-0.99999-persample-spearman] FAILED [ 27%]
test_compare_to_ref_release.py::test_matrix_correlations[CCLE_expression-0.99999-persample-pearson] SKIPPED [ 28%]
test_compare_to_ref_release.py::test_matrix_correlations[CCLE_expression-0.99999-pergene-spearman] SKIPPED [ 29%]
test_compare_to_ref_release.py::test_matrix_correlations[CCLE_expression-0.99999-pergene-pearson] SKIPPED [ 30%]
test_compare_to_ref_release.py::test_matrix_correlations[CCLE_expression_proteincoding_genes_expected_count-0.99999-persample-spearman] FAILED [ 31%]
test_compare_to_ref_release.py::test_matrix_correlations[CCLE_expression_proteincoding_genes_expected_count-0.99999-persample-pearson] SKIPPED [ 32%]
test_compare_to_ref_release.py::test_matrix_correlations[CCLE_expression_proteincoding_genes_expected_count-0.99999-pergene-spearman] SKIPPED [ 33%]
test_compare_to_ref_release.py::test_matrix_correlations[CCLE_expression_proteincoding_genes_expected_count-0.99999-pergene-pearson] SKIPPED [ 34%]
test_compare_to_ref_release.py::test_matrix_correlations[CCLE_RNAseq_transcripts-0.99999-persample-spearman] FAILED [ 35%]
test_compare_to_ref_release.py::test_matrix_correlations[CCLE_RNAseq_transcripts-0.99999-persample-pearson] SKIPPED [ 36%]
test_compare_to_ref_release.py::test_matrix_correlations[CCLE_RNAseq_transcripts-0.99999-pergene-spearman] SKIPPED [ 37%]
test_compare_to_ref_release.py::test_matrix_correlations[CCLE_RNAseq_transcripts-0.99999-pergene-pearson] SKIPPED [ 37%]
test_compare_to_ref_release.py::test_matrix_correlations[CCLE_expression_transcripts_expected_count-0.99999-persample-spearman] FAILED [ 38%]
test_compare_to_ref_release.py::test_matrix_correlations[CCLE_expression_transcripts_expected_count-0.99999-persample-pearson] SKIPPED [ 39%]
test_compare_to_ref_release.py::test_matrix_correlations[CCLE_expression_transcripts_expected_count-0.99999-pergene-spearman] SKIPPED [ 40%]
test_compare_to_ref_release.py::test_matrix_correlations[CCLE_expression_transcripts_expected_count-0.99999-pergene-pearson] SKIPPED [ 41%]
test_compare_to_ref_release.py::test_matrix_correlations[CCLE_expression_full-0.99999-persample-spearman] FAILED [ 42%]
test_compare_to_ref_release.py::test_matrix_correlations[CCLE_expression_full-0.99999-persample-pearson] SKIPPED [ 43%]
test_compare_to_ref_release.py::test_matrix_correlations[CCLE_expression_full-0.99999-pergene-spearman] SKIPPED [ 44%]
test_compare_to_ref_release.py::test_matrix_correlations[CCLE_expression_full-0.99999-pergene-pearson] SKIPPED [ 45%]
test_compare_to_ref_release.py::test_matrix_correlations[CCLE_RNAseq_reads-0.99999-persample-spearman] FAILED [ 46%]
test_compare_to_ref_release.py::test_matrix_correlations[CCLE_RNAseq_reads-0.99999-persample-pearson] SKIPPED [ 47%]
test_compare_to_ref_release.py::test_matrix_correlations[CCLE_RNAseq_reads-0.99999-pergene-spearman] SKIPPED [ 48%]
test_compare_to_ref_release.py::test_matrix_correlations[CCLE_RNAseq_reads-0.99999-pergene-pearson] SKIPPED [ 49%]
test_compare_to_ref_release.py::test_fraction_of_unequal_columns_from_merged_file[CCLE_fusions] FAILED [ 50%]
test_compare_to_ref_release.py::test_fraction_of_unequal_columns_from_merged_file[CCLE_fusions_unfiltered] FAILED [ 50%]
test_compare_to_ref_release.py::test_compare_cell_lines_released[CCLE_expression-index] SKIPPED [ 51%]
test_compare_to_ref_release.py::test_compare_cell_lines_released[CCLE_expression_proteincoding_genes_expected_count-index] SKIPPED [ 52%]
test_compare_to_ref_release.py::test_compare_cell_lines_released[CCLE_RNAseq_transcripts-index] SKIPPED [ 53%]
test_compare_to_ref_release.py::test_compare_cell_lines_released[CCLE_expression_transcripts_expected_count-index] SKIPPED [ 54%]
test_compare_to_ref_release.py::test_compare_cell_lines_released[CCLE_expression_full-index] SKIPPED [ 55%]
test_compare_to_ref_release.py::test_compare_cell_lines_released[CCLE_RNAseq_reads-index] SKIPPED [ 56%]
test_compare_to_ref_release.py::test_compare_cell_lines_released[CCLE_fusions-DepMap_ID] SKIPPED [ 57%]
test_compare_to_ref_release.py::test_compare_cell_lines_released[CCLE_fusions_unfiltered-DepMap_ID] SKIPPED [ 58%]
test_file_format.py::test_wrong_columns[CCLE_expression] PASSED          [ 59%]
test_file_format.py::test_symbol_and_entrezid_in_column[CCLE_expression] PASSED [ 60%]
test_file_format.py::test_symbol_and_enstid_in_column[CCLE_RNAseq_transcripts] PASSED [ 61%]
test_file_format.py::test_symbol_and_ensgid_in_column[CCLE_expression_full] PASSED [ 62%]
test_file_format.py::test_arxspan_ids[CCLE_fusions] PASSED               [ 62%]
test_file_format.py::test_null_values[CCLE_expression] PASSED            [ 63%]
test_file_format.py::test_matrix_datatypes[CCLE_expression] PASSED       [ 64%]
test_file_format.py::test_expression_logtransform[CCLE_expression_full] PASSED [ 65%]
test_file_format.py::test_chromosome_names[CCLE_segment_cn] PASSED       [ 66%]
test_file_format.py::test_wrong_columns[CCLE_expression_proteincoding_genes_expected_count] PASSED [ 67%]
test_file_format.py::test_symbol_and_entrezid_in_column[CCLE_expression_proteincoding_genes_expected_count] PASSED [ 68%]
test_file_format.py::test_symbol_and_enstid_in_column[CCLE_expression_transcripts_expected_count] PASSED [ 69%]
test_file_format.py::test_symbol_and_ensgid_in_column[CCLE_RNAseq_reads] PASSED [ 70%]
test_file_format.py::test_arxspan_ids[CCLE_fusions_unfiltered] PASSED    [ 71%]
test_file_format.py::test_null_values[CCLE_expression_proteincoding_genes_expected_count] PASSED [ 72%]
test_file_format.py::test_matrix_datatypes[CCLE_expression_proteincoding_genes_expected_count] PASSED [ 73%]
test_file_format.py::test_chromosome_names[CCLE_mutations] PASSED        [ 74%]
test_file_format.py::test_wrong_columns[CCLE_RNAseq_transcripts] PASSED  [ 75%]
test_file_format.py::test_null_values[CCLE_RNAseq_transcripts] PASSED    [ 75%]
test_file_format.py::test_matrix_datatypes[CCLE_RNAseq_transcripts] PASSED [ 76%]
test_file_format.py::test_wrong_columns[CCLE_expression_transcripts_expected_count] PASSED [ 77%]
test_file_format.py::test_null_values[CCLE_expression_transcripts_expected_count] PASSED [ 78%]
test_file_format.py::test_matrix_datatypes[CCLE_expression_transcripts_expected_count] PASSED [ 79%]
test_file_format.py::test_wrong_columns[CCLE_expression_full] PASSED     [ 80%]
test_file_format.py::test_null_values[CCLE_expression_full] PASSED       [ 81%]
test_file_format.py::test_matrix_datatypes[CCLE_expression_full] PASSED  [ 82%]
test_file_format.py::test_wrong_columns[CCLE_RNAseq_reads] PASSED        [ 83%]
test_file_format.py::test_null_values[CCLE_RNAseq_reads] PASSED          [ 84%]
test_file_format.py::test_matrix_datatypes[CCLE_RNAseq_reads] PASSED     [ 85%]
test_file_format.py::test_wrong_columns[CCLE_fusions] PASSED             [ 86%]
test_file_format.py::test_wrong_columns[CCLE_fusions_unfiltered] PASSED  [ 87%]
test_file_format.py::test_cnv_logtransform SKIPPED (not implemented)     [ 87%]
test_plot_comparisons.py::test_plot_gene_cn_comparison SKIPPED (skip...) [ 88%]
test_plot_comparisons.py::test_plot_per_gene_means[CCLE_expression-file_attr0] PASSED [ 89%]
test_plot_comparisons.py::test_plot_per_gene_means[CCLE_expression_proteincoding_genes_expected_count-file_attr1] PASSED [ 90%]
test_plot_comparisons.py::test_plot_per_gene_means[CCLE_RNAseq_transcripts-file_attr2] PASSED [ 91%]
test_plot_comparisons.py::test_plot_per_gene_means[CCLE_expression_transcripts_expected_count-file_attr3] PASSED [ 92%]
test_plot_comparisons.py::test_plot_per_gene_means[CCLE_expression_full-file_attr4] PASSED [ 93%]
test_plot_comparisons.py::test_plot_per_gene_means[CCLE_RNAseq_reads-file_attr5] PASSED [ 94%]
test_plot_comparisons.py::test_plot_matrix_comparison[CCLE_expression-CCLE_expression] PASSED [ 95%]
test_plot_comparisons.py::test_plot_matrix_comparison[CCLE_expression_proteincoding_genes_expected_count-CCLE_expression_proteincoding_genes_expected_count] PASSED [ 96%]
test_plot_comparisons.py::test_plot_matrix_comparison[CCLE_RNAseq_transcripts-CCLE_RNAseq_transcripts] PASSED [ 97%]
test_plot_comparisons.py::test_plot_matrix_comparison[CCLE_expression_transcripts_expected_count-CCLE_expression_transcripts_expected_count] PASSED [ 98%]
test_plot_comparisons.py::test_plot_matrix_comparison[CCLE_expression_full-CCLE_expression_full] PASSED [ 99%]
test_plot_comparisons.py::test_plot_matrix_comparison[CCLE_RNAseq_reads-CCLE_RNAseq_reads] PASSED [100%]

=================================== FAILURES ===================================
__________________ test_compare_column_names[CCLE_expression] __________________

data = (            TSPAN6 (7105)  ...  AC113348.1 (102724657)
ACH-001113       4.990501  ...                0.000000
ACH-001...05292  ...                0.000000
ACH-000052       4.870858  ...                0.000000

[1511 rows x 19177 columns])

    @pytest.mark.parametrize('data', PARAMS_compare_column_names, indirect=['data'])
    @pytest.mark.compare
    def test_compare_column_names(data):
        data1, data2 = data
>       assert set(data1.columns) == set(data2.columns)
E       AssertionError: assert {'A1BG (1)', ...(53947)', ...} == {'A1BG (1)', ...(53947)', ...}
E         Extra items in the left set:
E         'PDE10A (90632)'
E         'TP53TG3B (102724127)'
E         'XG (100132596)'
E         'STEAP1B (401312)'
E         'ZNF707 (101928160)'
E         'GAGE12G (645073)'...
E         
E         ...Full output truncated (19478 lines hidden), use '-vv' to show

test_compare_to_ref_release.py:56: AssertionError
_ test_compare_column_names[CCLE_expression_proteincoding_genes_expected_count] _

data = (            TSPAN6 (7105)  ...  AC113348.1 (102724657)
ACH-001113         2383.0  ...                     0.0
ACH-001...694.0  ...                     0.0
ACH-000052         3188.0  ...                     0.0

[1511 rows x 19177 columns])

    @pytest.mark.parametrize('data', PARAMS_compare_column_names, indirect=['data'])
    @pytest.mark.compare
    def test_compare_column_names(data):
        data1, data2 = data
>       assert set(data1.columns) == set(data2.columns)
E       AssertionError: assert {'A1BG (1)', ...(53947)', ...} == {'A1BG (1)', ...(53947)', ...}
E         Extra items in the left set:
E         'PDE10A (90632)'
E         'TP53TG3B (102724127)'
E         'XG (100132596)'
E         'STEAP1B (401312)'
E         'ZNF707 (101928160)'
E         'GAGE12G (645073)'...
E         
E         ...Full output truncated (19478 lines hidden), use '-vv' to show

test_compare_to_ref_release.py:56: AssertionError
---------------------------- Captured stderr setup -----------------------------
[                      ]N/A% |   0.0 s/B |   0.0 B /  57.6 MiB | ETA:  --:--:--
[                  ]  3% |   5.9 MiB/s |   2.0 MiB /  57.6 MiB | ETA:   0:00:09
[                  ]  5% |   6.3 MiB/s |   3.0 MiB /  57.6 MiB | ETA:   0:00:08
[#                 ]  6% |   5.8 MiB/s |   4.0 MiB /  57.6 MiB | ETA:   0:00:09
[#                 ]  8% |   5.4 MiB/s |   5.0 MiB /  57.6 MiB | ETA:   0:00:09
[#                 ] 10% |   5.3 MiB/s |   6.0 MiB /  57.6 MiB | ETA:   0:00:09
[##                ] 12% |   4.9 MiB/s |   7.0 MiB /  57.6 MiB | ETA:   0:00:10
[##                ] 13% |   4.8 MiB/s |   8.0 MiB /  57.6 MiB | ETA:   0:00:10
[##                ] 15% |   4.7 MiB/s |   9.0 MiB /  57.6 MiB | ETA:   0:00:10
[###               ] 17% |   4.6 MiB/s |  10.0 MiB /  57.6 MiB | ETA:   0:00:10
[###               ] 19% |   4.5 MiB/s |  11.0 MiB /  57.6 MiB | ETA:   0:00:10
[###               ] 20% |   4.4 MiB/s |  12.0 MiB /  57.6 MiB | ETA:   0:00:10
[####              ] 22% |   4.3 MiB/s |  13.0 MiB /  57.6 MiB | ETA:   0:00:10
[####              ] 24% |   4.3 MiB/s |  14.0 MiB /  57.6 MiB | ETA:   0:00:10
[####              ] 26% |   4.2 MiB/s |  15.0 MiB /  57.6 MiB | ETA:   0:00:10
[####              ] 27% |   4.1 MiB/s |  16.0 MiB /  57.6 MiB | ETA:   0:00:10
[#####             ] 29% |   4.1 MiB/s |  17.0 MiB /  57.6 MiB | ETA:   0:00:09
[#####             ] 31% |   4.0 MiB/s |  18.0 MiB /  57.6 MiB | ETA:   0:00:09
[#####             ] 32% |   4.0 MiB/s |  19.0 MiB /  57.6 MiB | ETA:   0:00:09
[######            ] 34% |   4.0 MiB/s |  20.0 MiB /  57.6 MiB | ETA:   0:00:09
[######            ] 36% |   3.9 MiB/s |  21.0 MiB /  57.6 MiB | ETA:   0:00:09
[######            ] 38% |   3.9 MiB/s |  22.0 MiB /  57.6 MiB | ETA:   0:00:09
[#######           ] 39% |   3.8 MiB/s |  23.0 MiB /  57.6 MiB | ETA:   0:00:09
[#######           ] 41% |   3.7 MiB/s |  24.0 MiB /  57.6 MiB | ETA:   0:00:09
[#######           ] 43% |   3.7 MiB/s |  25.0 MiB /  57.6 MiB | ETA:   0:00:08
[########          ] 45% |   3.7 MiB/s |  26.0 MiB /  57.6 MiB | ETA:   0:00:08
[########          ] 46% |   3.7 MiB/s |  27.0 MiB /  57.6 MiB | ETA:   0:00:08
[########          ] 48% |   3.6 MiB/s |  28.0 MiB /  57.6 MiB | ETA:   0:00:08
[#########         ] 50% |   3.6 MiB/s |  29.0 MiB /  57.6 MiB | ETA:   0:00:07
[#########         ] 52% |   3.6 MiB/s |  30.0 MiB /  57.6 MiB | ETA:   0:00:07
[#########         ] 53% |   3.6 MiB/s |  31.0 MiB /  57.6 MiB | ETA:   0:00:07
[#########         ] 55% |   3.6 MiB/s |  32.0 MiB /  57.6 MiB | ETA:   0:00:07
[##########        ] 57% |   3.5 MiB/s |  33.0 MiB /  57.6 MiB | ETA:   0:00:06
[##########        ] 58% |   3.5 MiB/s |  34.0 MiB /  57.6 MiB | ETA:   0:00:06
[##########        ] 60% |   3.5 MiB/s |  35.0 MiB /  57.6 MiB | ETA:   0:00:06
[###########       ] 62% |   3.5 MiB/s |  36.0 MiB /  57.6 MiB | ETA:   0:00:06
[###########       ] 64% |   3.4 MiB/s |  37.0 MiB /  57.6 MiB | ETA:   0:00:05
[###########       ] 65% |   3.4 MiB/s |  38.0 MiB /  57.6 MiB | ETA:   0:00:05
[############      ] 67% |   3.4 MiB/s |  39.0 MiB /  57.6 MiB | ETA:   0:00:05
[############      ] 69% |   3.4 MiB/s |  40.0 MiB /  57.6 MiB | ETA:   0:00:05
[############      ] 71% |   3.3 MiB/s |  41.0 MiB /  57.6 MiB | ETA:   0:00:04
[#############     ] 72% |   3.3 MiB/s |  42.0 MiB /  57.6 MiB | ETA:   0:00:04
[#############     ] 74% |   3.3 MiB/s |  43.0 MiB /  57.6 MiB | ETA:   0:00:04
[#############     ] 76% |   3.3 MiB/s |  44.0 MiB /  57.6 MiB | ETA:   0:00:04
[##############    ] 78% |   3.3 MiB/s |  45.0 MiB /  57.6 MiB | ETA:   0:00:03
[##############    ] 79% |   3.3 MiB/s |  46.0 MiB /  57.6 MiB | ETA:   0:00:03
[##############    ] 81% |   3.3 MiB/s |  47.0 MiB /  57.6 MiB | ETA:   0:00:03
[##############    ] 83% |   3.3 MiB/s |  48.0 MiB /  57.6 MiB | ETA:   0:00:02
[###############   ] 85% |   3.4 MiB/s |  49.0 MiB /  57.6 MiB | ETA:   0:00:02
[###############   ] 86% |   3.4 MiB/s |  50.0 MiB /  57.6 MiB | ETA:   0:00:02
[###############   ] 88% |   3.4 MiB/s |  51.0 MiB /  57.6 MiB | ETA:   0:00:01
[################  ] 90% |   3.4 MiB/s |  52.0 MiB /  57.6 MiB | ETA:   0:00:01
[################  ] 91% |   3.4 MiB/s |  53.0 MiB /  57.6 MiB | ETA:   0:00:01
[################  ] 93% |   3.4 MiB/s |  54.0 MiB /  57.6 MiB | ETA:   0:00:01
[################# ] 95% |   3.4 MiB/s |  55.0 MiB /  57.6 MiB | ETA:   0:00:00
[################# ] 97% |   3.4 MiB/s |  56.0 MiB /  57.6 MiB | ETA:   0:00:00
[################# ] 98% |   3.4 MiB/s |  57.0 MiB /  57.6 MiB | ETA:   0:00:00
[##################]100% |   3.4 MiB/s |  57.6 MiB /  57.6 MiB | Time:  0:00:16
______________ test_compare_column_names[CCLE_RNAseq_transcripts] ______________

data = (            TSPAN6 (ENST00000373020)  ...  ERCC-00171
ACH-001113                  4.895787  ...    7.053872
ACH-00128...71    8.399043
ACH-000052         4.730640              0.0  ...    0.000000    0.000000

[1511 rows x 198840 columns])

    @pytest.mark.parametrize('data', PARAMS_compare_column_names, indirect=['data'])
    @pytest.mark.compare
    def test_compare_column_names(data):
        data1, data2 = data
>       assert set(data1.columns) == set(data2.columns)
E       AssertionError: assert {'A1BG (ENST0...593374)', ...} == {'ENST0000000...0002125', ...}
E         Extra items in the left set:
E         'LINC01361 (ENST00000452834)'
E         'C22orf23 (ENST00000418863)'
E         'FIGNL1 (ENST00000395556)'
E         'DHX57 (ENST00000479345)'
E         'RNPS1 (ENST00000563857)'
E         'TAB2 (ENST00000538427)'...
E         
E         ...Full output truncated (792899 lines hidden), use '-vv' to show

test_compare_to_ref_release.py:56: AssertionError
---------------------------- Captured stderr setup -----------------------------
[                      ]N/A% |   0.0 s/B |   0.0 B / 545.9 MiB | ETA:  --:--:--
[                  ]  0% |   7.8 MiB/s |   2.0 MiB / 545.9 MiB | ETA:   0:01:09
[                  ]  0% |   6.4 MiB/s |   3.0 MiB / 545.9 MiB | ETA:   0:01:25
[                  ]  0% |   5.9 MiB/s |   4.0 MiB / 545.9 MiB | ETA:   0:01:31
[                  ]  0% |   5.5 MiB/s |   5.0 MiB / 545.9 MiB | ETA:   0:01:38
[                  ]  1% |   5.2 MiB/s |   6.0 MiB / 545.9 MiB | ETA:   0:01:43
[                  ]  1% |   5.1 MiB/s |   7.0 MiB / 545.9 MiB | ETA:   0:01:46
[                  ]  1% |   5.0 MiB/s |   8.0 MiB / 545.9 MiB | ETA:   0:01:46
[                  ]  1% |   4.9 MiB/s |   9.0 MiB / 545.9 MiB | ETA:   0:01:48
[                  ]  1% |   4.8 MiB/s |  10.0 MiB / 545.9 MiB | ETA:   0:01:51
[                  ]  2% |   4.6 MiB/s |  11.0 MiB / 545.9 MiB | ETA:   0:01:57
[                  ]  2% |   4.5 MiB/s |  12.0 MiB / 545.9 MiB | ETA:   0:01:57
[                  ]  2% |   4.5 MiB/s |  13.0 MiB / 545.9 MiB | ETA:   0:01:58
[                  ]  2% |   4.5 MiB/s |  14.0 MiB / 545.9 MiB | ETA:   0:01:58
[                  ]  2% |   4.4 MiB/s |  15.0 MiB / 545.9 MiB | ETA:   0:01:59
[                  ]  2% |   4.4 MiB/s |  16.0 MiB / 545.9 MiB | ETA:   0:01:59
[                  ]  3% |   4.4 MiB/s |  17.0 MiB / 545.9 MiB | ETA:   0:02:00
[                  ]  3% |   4.4 MiB/s |  18.0 MiB / 545.9 MiB | ETA:   0:02:00
[                  ]  3% |   4.3 MiB/s |  19.0 MiB / 545.9 MiB | ETA:   0:02:01
[                  ]  3% |   4.3 MiB/s |  20.0 MiB / 545.9 MiB | ETA:   0:02:02
[                  ]  3% |   4.3 MiB/s |  21.0 MiB / 545.9 MiB | ETA:   0:02:02
[                  ]  4% |   4.3 MiB/s |  22.0 MiB / 545.9 MiB | ETA:   0:02:03
[                  ]  4% |   4.2 MiB/s |  23.0 MiB / 545.9 MiB | ETA:   0:02:03
[                  ]  4% |   4.2 MiB/s |  24.0 MiB / 545.9 MiB | ETA:   0:02:05
[                  ]  4% |   4.2 MiB/s |  25.0 MiB / 545.9 MiB | ETA:   0:02:04
[                  ]  4% |   4.1 MiB/s |  26.0 MiB / 545.9 MiB | ETA:   0:02:05
[                  ]  4% |   4.1 MiB/s |  27.0 MiB / 545.9 MiB | ETA:   0:02:05
[                  ]  5% |   4.1 MiB/s |  28.0 MiB / 545.9 MiB | ETA:   0:02:05
[                  ]  5% |   4.1 MiB/s |  29.0 MiB / 545.9 MiB | ETA:   0:02:06
[                  ]  5% |   4.0 MiB/s |  30.0 MiB / 545.9 MiB | ETA:   0:02:07
[#                 ]  5% |   4.0 MiB/s |  31.0 MiB / 545.9 MiB | ETA:   0:02:07
[#                 ]  5% |   4.0 MiB/s |  32.0 MiB / 545.9 MiB | ETA:   0:02:08
[#                 ]  6% |   4.0 MiB/s |  33.0 MiB / 545.9 MiB | ETA:   0:02:09
[#                 ]  6% |   3.9 MiB/s |  34.0 MiB / 545.9 MiB | ETA:   0:02:10
[#                 ]  6% |   3.9 MiB/s |  35.0 MiB / 545.9 MiB | ETA:   0:02:11
[#                 ]  6% |   3.9 MiB/s |  36.0 MiB / 545.9 MiB | ETA:   0:02:11
[#                 ]  6% |   3.8 MiB/s |  37.0 MiB / 545.9 MiB | ETA:   0:02:12
[#                 ]  6% |   3.8 MiB/s |  38.0 MiB / 545.9 MiB | ETA:   0:02:13
[#                 ]  7% |   3.8 MiB/s |  39.0 MiB / 545.9 MiB | ETA:   0:02:13
[#                 ]  7% |   3.8 MiB/s |  40.0 MiB / 545.9 MiB | ETA:   0:02:14
[#                 ]  7% |   3.7 MiB/s |  41.0 MiB / 545.9 MiB | ETA:   0:02:14
[#                 ]  7% |   3.7 MiB/s |  42.0 MiB / 545.9 MiB | ETA:   0:02:14
[#                 ]  7% |   3.7 MiB/s |  43.0 MiB / 545.9 MiB | ETA:   0:02:15
[#                 ]  8% |   3.7 MiB/s |  44.0 MiB / 545.9 MiB | ETA:   0:02:15
[#                 ]  8% |   3.7 MiB/s |  45.0 MiB / 545.9 MiB | ETA:   0:02:15
[#                 ]  8% |   3.7 MiB/s |  46.0 MiB / 545.9 MiB | ETA:   0:02:15
[#                 ]  8% |   3.6 MiB/s |  47.0 MiB / 545.9 MiB | ETA:   0:02:17
[#                 ]  8% |   3.6 MiB/s |  48.0 MiB / 545.9 MiB | ETA:   0:02:16
[#                 ]  8% |   3.6 MiB/s |  49.0 MiB / 545.9 MiB | ETA:   0:02:16
[#                 ]  9% |   3.6 MiB/s |  50.0 MiB / 545.9 MiB | ETA:   0:02:16
[#                 ]  9% |   3.6 MiB/s |  51.0 MiB / 545.9 MiB | ETA:   0:02:16
[#                 ]  9% |   3.6 MiB/s |  52.0 MiB / 545.9 MiB | ETA:   0:02:16
[#                 ]  9% |   3.6 MiB/s |  53.0 MiB / 545.9 MiB | ETA:   0:02:16
[#                 ]  9% |   3.6 MiB/s |  54.0 MiB / 545.9 MiB | ETA:   0:02:15
[#                 ] 10% |   3.6 MiB/s |  55.0 MiB / 545.9 MiB | ETA:   0:02:15
[#                 ] 10% |   3.6 MiB/s |  56.0 MiB / 545.9 MiB | ETA:   0:02:15
[#                 ] 10% |   3.6 MiB/s |  57.0 MiB / 545.9 MiB | ETA:   0:02:15
[#                 ] 10% |   3.6 MiB/s |  58.0 MiB / 545.9 MiB | ETA:   0:02:14
[#                 ] 10% |   3.6 MiB/s |  59.0 MiB / 545.9 MiB | ETA:   0:02:14
[#                 ] 10% |   3.6 MiB/s |  60.0 MiB / 545.9 MiB | ETA:   0:02:14
[##                ] 11% |   3.6 MiB/s |  61.0 MiB / 545.9 MiB | ETA:   0:02:14
[##                ] 11% |   3.6 MiB/s |  62.0 MiB / 545.9 MiB | ETA:   0:02:14
[##                ] 11% |   3.6 MiB/s |  63.0 MiB / 545.9 MiB | ETA:   0:02:14
[##                ] 11% |   3.6 MiB/s |  64.0 MiB / 545.9 MiB | ETA:   0:02:14
[##                ] 11% |   3.6 MiB/s |  65.0 MiB / 545.9 MiB | ETA:   0:02:14
[##                ] 12% |   3.6 MiB/s |  66.0 MiB / 545.9 MiB | ETA:   0:02:13
[##                ] 12% |   3.6 MiB/s |  67.0 MiB / 545.9 MiB | ETA:   0:02:13
[##                ] 12% |   3.6 MiB/s |  68.0 MiB / 545.9 MiB | ETA:   0:02:13
[##                ] 12% |   3.6 MiB/s |  69.0 MiB / 545.9 MiB | ETA:   0:02:13
[##                ] 12% |   3.6 MiB/s |  70.0 MiB / 545.9 MiB | ETA:   0:02:12
[##                ] 13% |   3.6 MiB/s |  71.0 MiB / 545.9 MiB | ETA:   0:02:13
[##                ] 13% |   3.6 MiB/s |  72.0 MiB / 545.9 MiB | ETA:   0:02:12
[##                ] 13% |   3.6 MiB/s |  73.0 MiB / 545.9 MiB | ETA:   0:02:12
[##                ] 13% |   3.6 MiB/s |  74.0 MiB / 545.9 MiB | ETA:   0:02:12
[##                ] 13% |   3.6 MiB/s |  75.0 MiB / 545.9 MiB | ETA:   0:02:12
[##                ] 13% |   3.6 MiB/s |  76.0 MiB / 545.9 MiB | ETA:   0:02:11
[##                ] 14% |   3.6 MiB/s |  77.0 MiB / 545.9 MiB | ETA:   0:02:11
[##                ] 14% |   3.6 MiB/s |  78.0 MiB / 545.9 MiB | ETA:   0:02:11
[##                ] 14% |   3.6 MiB/s |  79.0 MiB / 545.9 MiB | ETA:   0:02:11
[##                ] 14% |   3.6 MiB/s |  80.0 MiB / 545.9 MiB | ETA:   0:02:10
[##                ] 14% |   3.6 MiB/s |  81.0 MiB / 545.9 MiB | ETA:   0:02:10
[##                ] 15% |   3.6 MiB/s |  82.0 MiB / 545.9 MiB | ETA:   0:02:10
[##                ] 15% |   3.5 MiB/s |  83.0 MiB / 545.9 MiB | ETA:   0:02:10
[##                ] 15% |   3.5 MiB/s |  84.0 MiB / 545.9 MiB | ETA:   0:02:10
[##                ] 15% |   3.5 MiB/s |  85.0 MiB / 545.9 MiB | ETA:   0:02:10
[##                ] 15% |   3.5 MiB/s |  86.0 MiB / 545.9 MiB | ETA:   0:02:10
[##                ] 15% |   3.5 MiB/s |  87.0 MiB / 545.9 MiB | ETA:   0:02:10
[##                ] 16% |   3.5 MiB/s |  88.0 MiB / 545.9 MiB | ETA:   0:02:10
[##                ] 16% |   3.5 MiB/s |  89.0 MiB / 545.9 MiB | ETA:   0:02:09
[##                ] 16% |   3.5 MiB/s |  90.0 MiB / 545.9 MiB | ETA:   0:02:09
[###               ] 16% |   3.5 MiB/s |  91.0 MiB / 545.9 MiB | ETA:   0:02:09
[###               ] 16% |   3.5 MiB/s |  92.0 MiB / 545.9 MiB | ETA:   0:02:08
[###               ] 17% |   3.5 MiB/s |  93.0 MiB / 545.9 MiB | ETA:   0:02:08
[###               ] 17% |   3.5 MiB/s |  94.0 MiB / 545.9 MiB | ETA:   0:02:08
[###               ] 17% |   3.5 MiB/s |  95.0 MiB / 545.9 MiB | ETA:   0:02:07
[###               ] 17% |   3.5 MiB/s |  96.0 MiB / 545.9 MiB | ETA:   0:02:07
[###               ] 17% |   3.5 MiB/s |  97.0 MiB / 545.9 MiB | ETA:   0:02:07
[###               ] 17% |   3.5 MiB/s |  98.0 MiB / 545.9 MiB | ETA:   0:02:07
[###               ] 18% |   3.5 MiB/s |  99.0 MiB / 545.9 MiB | ETA:   0:02:07
[###               ] 18% |   3.5 MiB/s | 100.0 MiB / 545.9 MiB | ETA:   0:02:07
[###               ] 18% |   3.5 MiB/s | 101.0 MiB / 545.9 MiB | ETA:   0:02:07
[###               ] 18% |   3.5 MiB/s | 102.0 MiB / 545.9 MiB | ETA:   0:02:06
[###               ] 18% |   3.5 MiB/s | 103.0 MiB / 545.9 MiB | ETA:   0:02:06
[###               ] 19% |   3.5 MiB/s | 104.0 MiB / 545.9 MiB | ETA:   0:02:06
[###               ] 19% |   3.5 MiB/s | 105.0 MiB / 545.9 MiB | ETA:   0:02:05
[###               ] 19% |   3.5 MiB/s | 106.0 MiB / 545.9 MiB | ETA:   0:02:05
[###               ] 19% |   3.5 MiB/s | 107.0 MiB / 545.9 MiB | ETA:   0:02:05
[###               ] 19% |   3.5 MiB/s | 108.0 MiB / 545.9 MiB | ETA:   0:02:05
[###               ] 19% |   3.5 MiB/s | 109.0 MiB / 545.9 MiB | ETA:   0:02:05
[###               ] 20% |   3.4 MiB/s | 110.0 MiB / 545.9 MiB | ETA:   0:02:06
[###               ] 20% |   3.3 MiB/s | 111.0 MiB / 545.9 MiB | ETA:   0:02:12
[###               ] 20% |   3.1 MiB/s | 112.0 MiB / 545.9 MiB | ETA:   0:02:18
[###               ] 20% |   3.1 MiB/s | 113.0 MiB / 545.9 MiB | ETA:   0:02:18
[###               ] 20% |   3.1 MiB/s | 114.0 MiB / 545.9 MiB | ETA:   0:02:18
[###               ] 21% |   3.1 MiB/s | 115.0 MiB / 545.9 MiB | ETA:   0:02:18
[###               ] 21% |   3.1 MiB/s | 116.0 MiB / 545.9 MiB | ETA:   0:02:18
[###               ] 21% |   3.1 MiB/s | 117.0 MiB / 545.9 MiB | ETA:   0:02:18
[###               ] 21% |   3.1 MiB/s | 118.0 MiB / 545.9 MiB | ETA:   0:02:17
[###               ] 21% |   3.1 MiB/s | 119.0 MiB / 545.9 MiB | ETA:   0:02:17
[###               ] 21% |   3.1 MiB/s | 120.0 MiB / 545.9 MiB | ETA:   0:02:16
[###               ] 22% |   3.1 MiB/s | 121.0 MiB / 545.9 MiB | ETA:   0:02:16
[####              ] 22% |   3.1 MiB/s | 122.0 MiB / 545.9 MiB | ETA:   0:02:16
[####              ] 22% |   3.1 MiB/s | 123.0 MiB / 545.9 MiB | ETA:   0:02:15
[####              ] 22% |   3.1 MiB/s | 124.0 MiB / 545.9 MiB | ETA:   0:02:15
[####              ] 22% |   3.1 MiB/s | 125.0 MiB / 545.9 MiB | ETA:   0:02:15
[####              ] 23% |   3.1 MiB/s | 126.0 MiB / 545.9 MiB | ETA:   0:02:14
[####              ] 23% |   3.1 MiB/s | 127.0 MiB / 545.9 MiB | ETA:   0:02:14
[####              ] 23% |   3.1 MiB/s | 128.0 MiB / 545.9 MiB | ETA:   0:02:14
[####              ] 23% |   3.1 MiB/s | 129.0 MiB / 545.9 MiB | ETA:   0:02:13
[####              ] 23% |   3.1 MiB/s | 130.0 MiB / 545.9 MiB | ETA:   0:02:12
[####              ] 23% |   3.1 MiB/s | 131.0 MiB / 545.9 MiB | ETA:   0:02:12
[####              ] 24% |   3.1 MiB/s | 132.0 MiB / 545.9 MiB | ETA:   0:02:12
[####              ] 24% |   3.1 MiB/s | 133.0 MiB / 545.9 MiB | ETA:   0:02:11
[####              ] 24% |   3.1 MiB/s | 134.0 MiB / 545.9 MiB | ETA:   0:02:11
[####              ] 24% |   3.1 MiB/s | 135.0 MiB / 545.9 MiB | ETA:   0:02:10
[####              ] 24% |   3.2 MiB/s | 136.0 MiB / 545.9 MiB | ETA:   0:02:10
[####              ] 25% |   3.2 MiB/s | 137.0 MiB / 545.9 MiB | ETA:   0:02:09
[####              ] 25% |   3.2 MiB/s | 138.0 MiB / 545.9 MiB | ETA:   0:02:09
[####              ] 25% |   3.2 MiB/s | 139.0 MiB / 545.9 MiB | ETA:   0:02:08
[####              ] 25% |   3.2 MiB/s | 140.0 MiB / 545.9 MiB | ETA:   0:02:08
[####              ] 25% |   3.2 MiB/s | 141.0 MiB / 545.9 MiB | ETA:   0:02:07
[####              ] 26% |   3.2 MiB/s | 142.0 MiB / 545.9 MiB | ETA:   0:02:07
[####              ] 26% |   3.2 MiB/s | 143.0 MiB / 545.9 MiB | ETA:   0:02:06
[####              ] 26% |   3.2 MiB/s | 144.0 MiB / 545.9 MiB | ETA:   0:02:06
[####              ] 26% |   3.2 MiB/s | 145.0 MiB / 545.9 MiB | ETA:   0:02:05
[####              ] 26% |   3.2 MiB/s | 146.0 MiB / 545.9 MiB | ETA:   0:02:05
[####              ] 26% |   3.2 MiB/s | 147.0 MiB / 545.9 MiB | ETA:   0:02:04
[####              ] 27% |   3.2 MiB/s | 148.0 MiB / 545.9 MiB | ETA:   0:02:04
[####              ] 27% |   3.2 MiB/s | 149.0 MiB / 545.9 MiB | ETA:   0:02:03
[####              ] 27% |   3.2 MiB/s | 150.0 MiB / 545.9 MiB | ETA:   0:02:03
[####              ] 27% |   3.2 MiB/s | 151.0 MiB / 545.9 MiB | ETA:   0:02:03
[#####             ] 27% |   3.2 MiB/s | 152.0 MiB / 545.9 MiB | ETA:   0:02:02
[#####             ] 28% |   3.2 MiB/s | 153.0 MiB / 545.9 MiB | ETA:   0:02:02
[#####             ] 28% |   3.2 MiB/s | 154.0 MiB / 545.9 MiB | ETA:   0:02:02
[#####             ] 28% |   3.2 MiB/s | 155.0 MiB / 545.9 MiB | ETA:   0:02:01
[#####             ] 28% |   3.2 MiB/s | 156.0 MiB / 545.9 MiB | ETA:   0:02:01
[#####             ] 28% |   3.2 MiB/s | 157.0 MiB / 545.9 MiB | ETA:   0:02:01
[#####             ] 28% |   3.2 MiB/s | 158.0 MiB / 545.9 MiB | ETA:   0:02:00
[#####             ] 29% |   3.2 MiB/s | 159.0 MiB / 545.9 MiB | ETA:   0:02:00
[#####             ] 29% |   3.2 MiB/s | 160.0 MiB / 545.9 MiB | ETA:   0:01:59
[#####             ] 29% |   3.2 MiB/s | 161.0 MiB / 545.9 MiB | ETA:   0:01:59
[#####             ] 29% |   3.2 MiB/s | 162.0 MiB / 545.9 MiB | ETA:   0:01:59
[#####             ] 29% |   3.2 MiB/s | 163.0 MiB / 545.9 MiB | ETA:   0:01:58
[#####             ] 30% |   3.2 MiB/s | 164.0 MiB / 545.9 MiB | ETA:   0:01:58
[#####             ] 30% |   3.2 MiB/s | 165.0 MiB / 545.9 MiB | ETA:   0:01:58
[#####             ] 30% |   3.2 MiB/s | 166.0 MiB / 545.9 MiB | ETA:   0:01:57
[#####             ] 30% |   3.2 MiB/s | 167.0 MiB / 545.9 MiB | ETA:   0:01:57
[#####             ] 30% |   3.2 MiB/s | 168.0 MiB / 545.9 MiB | ETA:   0:01:57
[#####             ] 30% |   3.2 MiB/s | 169.0 MiB / 545.9 MiB | ETA:   0:01:56
[#####             ] 31% |   3.2 MiB/s | 170.0 MiB / 545.9 MiB | ETA:   0:01:56
[#####             ] 31% |   3.2 MiB/s | 171.0 MiB / 545.9 MiB | ETA:   0:01:56
[#####             ] 31% |   3.2 MiB/s | 172.0 MiB / 545.9 MiB | ETA:   0:01:56
[#####             ] 31% |   3.2 MiB/s | 173.0 MiB / 545.9 MiB | ETA:   0:01:55
[#####             ] 31% |   3.2 MiB/s | 174.0 MiB / 545.9 MiB | ETA:   0:01:55
[#####             ] 32% |   3.2 MiB/s | 175.0 MiB / 545.9 MiB | ETA:   0:01:54
[#####             ] 32% |   3.2 MiB/s | 176.0 MiB / 545.9 MiB | ETA:   0:01:54
[#####             ] 32% |   3.2 MiB/s | 177.0 MiB / 545.9 MiB | ETA:   0:01:54
[#####             ] 32% |   3.2 MiB/s | 178.0 MiB / 545.9 MiB | ETA:   0:01:53
[#####             ] 32% |   3.2 MiB/s | 179.0 MiB / 545.9 MiB | ETA:   0:01:53
[#####             ] 32% |   3.2 MiB/s | 180.0 MiB / 545.9 MiB | ETA:   0:01:52
[#####             ] 33% |   3.2 MiB/s | 181.0 MiB / 545.9 MiB | ETA:   0:01:52
[######            ] 33% |   3.2 MiB/s | 182.0 MiB / 545.9 MiB | ETA:   0:01:52
[######            ] 33% |   3.2 MiB/s | 183.0 MiB / 545.9 MiB | ETA:   0:01:51
[######            ] 33% |   3.2 MiB/s | 184.0 MiB / 545.9 MiB | ETA:   0:01:51
[######            ] 33% |   3.2 MiB/s | 185.0 MiB / 545.9 MiB | ETA:   0:01:51
[######            ] 34% |   3.2 MiB/s | 186.0 MiB / 545.9 MiB | ETA:   0:01:50
[######            ] 34% |   3.2 MiB/s | 187.0 MiB / 545.9 MiB | ETA:   0:01:50
[######            ] 34% |   3.3 MiB/s | 188.0 MiB / 545.9 MiB | ETA:   0:01:50
[######            ] 34% |   3.3 MiB/s | 189.0 MiB / 545.9 MiB | ETA:   0:01:49
[######            ] 34% |   3.3 MiB/s | 190.0 MiB / 545.9 MiB | ETA:   0:01:49
[######            ] 34% |   3.3 MiB/s | 191.0 MiB / 545.9 MiB | ETA:   0:01:49
[######            ] 35% |   3.3 MiB/s | 192.0 MiB / 545.9 MiB | ETA:   0:01:48
[######            ] 35% |   3.3 MiB/s | 193.0 MiB / 545.9 MiB | ETA:   0:01:48
[######            ] 35% |   3.3 MiB/s | 194.0 MiB / 545.9 MiB | ETA:   0:01:48
[######            ] 35% |   3.3 MiB/s | 195.0 MiB / 545.9 MiB | ETA:   0:01:47
[######            ] 35% |   3.3 MiB/s | 196.0 MiB / 545.9 MiB | ETA:   0:01:47
[######            ] 36% |   3.3 MiB/s | 197.0 MiB / 545.9 MiB | ETA:   0:01:47
[######            ] 36% |   3.3 MiB/s | 198.0 MiB / 545.9 MiB | ETA:   0:01:46
[######            ] 36% |   3.3 MiB/s | 199.0 MiB / 545.9 MiB | ETA:   0:01:46
[######            ] 36% |   3.3 MiB/s | 200.0 MiB / 545.9 MiB | ETA:   0:01:46
[######            ] 36% |   3.3 MiB/s | 201.0 MiB / 545.9 MiB | ETA:   0:01:45
[######            ] 37% |   3.3 MiB/s | 202.0 MiB / 545.9 MiB | ETA:   0:01:45
[######            ] 37% |   3.3 MiB/s | 203.0 MiB / 545.9 MiB | ETA:   0:01:45
[######            ] 37% |   3.3 MiB/s | 204.0 MiB / 545.9 MiB | ETA:   0:01:44
[######            ] 37% |   3.3 MiB/s | 205.0 MiB / 545.9 MiB | ETA:   0:01:44
[######            ] 37% |   3.3 MiB/s | 206.0 MiB / 545.9 MiB | ETA:   0:01:44
[######            ] 37% |   3.3 MiB/s | 207.0 MiB / 545.9 MiB | ETA:   0:01:43
[######            ] 38% |   3.3 MiB/s | 208.0 MiB / 545.9 MiB | ETA:   0:01:43
[######            ] 38% |   3.3 MiB/s | 209.0 MiB / 545.9 MiB | ETA:   0:01:43
[######            ] 38% |   3.3 MiB/s | 210.0 MiB / 545.9 MiB | ETA:   0:01:42
[######            ] 38% |   3.3 MiB/s | 211.0 MiB / 545.9 MiB | ETA:   0:01:42
[######            ] 38% |   3.3 MiB/s | 212.0 MiB / 545.9 MiB | ETA:   0:01:41
[#######           ] 39% |   3.3 MiB/s | 213.0 MiB / 545.9 MiB | ETA:   0:01:41
[#######           ] 39% |   3.3 MiB/s | 214.0 MiB / 545.9 MiB | ETA:   0:01:41
[#######           ] 39% |   3.3 MiB/s | 215.0 MiB / 545.9 MiB | ETA:   0:01:41
[#######           ] 39% |   3.3 MiB/s | 216.0 MiB / 545.9 MiB | ETA:   0:01:40
[#######           ] 39% |   3.3 MiB/s | 217.0 MiB / 545.9 MiB | ETA:   0:01:40
[#######           ] 39% |   3.3 MiB/s | 218.0 MiB / 545.9 MiB | ETA:   0:01:40
[#######           ] 40% |   3.3 MiB/s | 219.0 MiB / 545.9 MiB | ETA:   0:01:39
[#######           ] 40% |   3.3 MiB/s | 220.0 MiB / 545.9 MiB | ETA:   0:01:39
[#######           ] 40% |   3.3 MiB/s | 221.0 MiB / 545.9 MiB | ETA:   0:01:39
[#######           ] 40% |   3.3 MiB/s | 222.0 MiB / 545.9 MiB | ETA:   0:01:38
[#######           ] 40% |   3.3 MiB/s | 223.0 MiB / 545.9 MiB | ETA:   0:01:38
[#######           ] 41% |   3.3 MiB/s | 224.0 MiB / 545.9 MiB | ETA:   0:01:38
[#######           ] 41% |   3.3 MiB/s | 225.0 MiB / 545.9 MiB | ETA:   0:01:37
[#######           ] 41% |   3.3 MiB/s | 226.0 MiB / 545.9 MiB | ETA:   0:01:37
[#######           ] 41% |   3.3 MiB/s | 227.0 MiB / 545.9 MiB | ETA:   0:01:36
[#######           ] 41% |   3.3 MiB/s | 228.0 MiB / 545.9 MiB | ETA:   0:01:36
[#######           ] 41% |   3.3 MiB/s | 229.0 MiB / 545.9 MiB | ETA:   0:01:36
[#######           ] 42% |   3.3 MiB/s | 230.0 MiB / 545.9 MiB | ETA:   0:01:35
[#######           ] 42% |   3.3 MiB/s | 231.0 MiB / 545.9 MiB | ETA:   0:01:35
[#######           ] 42% |   3.3 MiB/s | 232.0 MiB / 545.9 MiB | ETA:   0:01:35
[#######           ] 42% |   3.3 MiB/s | 233.0 MiB / 545.9 MiB | ETA:   0:01:34
[#######           ] 42% |   3.3 MiB/s | 234.0 MiB / 545.9 MiB | ETA:   0:01:34
[#######           ] 43% |   3.3 MiB/s | 235.0 MiB / 545.9 MiB | ETA:   0:01:34
[#######           ] 43% |   3.3 MiB/s | 236.0 MiB / 545.9 MiB | ETA:   0:01:33
[#######           ] 43% |   3.3 MiB/s | 237.0 MiB / 545.9 MiB | ETA:   0:01:33
[#######           ] 43% |   3.3 MiB/s | 238.0 MiB / 545.9 MiB | ETA:   0:01:33
[#######           ] 43% |   3.3 MiB/s | 239.0 MiB / 545.9 MiB | ETA:   0:01:32
[#######           ] 43% |   3.3 MiB/s | 240.0 MiB / 545.9 MiB | ETA:   0:01:32
[#######           ] 44% |   3.3 MiB/s | 241.0 MiB / 545.9 MiB | ETA:   0:01:32
[#######           ] 44% |   3.3 MiB/s | 242.0 MiB / 545.9 MiB | ETA:   0:01:31
[########          ] 44% |   3.3 MiB/s | 243.0 MiB / 545.9 MiB | ETA:   0:01:31
[########          ] 44% |   3.3 MiB/s | 244.0 MiB / 545.9 MiB | ETA:   0:01:31
[########          ] 44% |   3.3 MiB/s | 245.0 MiB / 545.9 MiB | ETA:   0:01:30
[########          ] 45% |   3.3 MiB/s | 246.0 MiB / 545.9 MiB | ETA:   0:01:30
[########          ] 45% |   3.3 MiB/s | 247.0 MiB / 545.9 MiB | ETA:   0:01:30
[########          ] 45% |   3.3 MiB/s | 248.0 MiB / 545.9 MiB | ETA:   0:01:29
[########          ] 45% |   3.3 MiB/s | 249.0 MiB / 545.9 MiB | ETA:   0:01:29
[########          ] 45% |   3.3 MiB/s | 250.0 MiB / 545.9 MiB | ETA:   0:01:29
[########          ] 45% |   3.3 MiB/s | 251.0 MiB / 545.9 MiB | ETA:   0:01:29
[########          ] 46% |   3.3 MiB/s | 252.0 MiB / 545.9 MiB | ETA:   0:01:28
[########          ] 46% |   3.3 MiB/s | 253.0 MiB / 545.9 MiB | ETA:   0:01:28
[########          ] 46% |   3.3 MiB/s | 254.0 MiB / 545.9 MiB | ETA:   0:01:28
[########          ] 46% |   3.3 MiB/s | 255.0 MiB / 545.9 MiB | ETA:   0:01:27
[########          ] 46% |   3.3 MiB/s | 256.0 MiB / 545.9 MiB | ETA:   0:01:27
[########          ] 47% |   3.3 MiB/s | 257.0 MiB / 545.9 MiB | ETA:   0:01:27
[########          ] 47% |   3.3 MiB/s | 258.0 MiB / 545.9 MiB | ETA:   0:01:26
[########          ] 47% |   3.3 MiB/s | 259.0 MiB / 545.9 MiB | ETA:   0:01:26
[########          ] 47% |   3.3 MiB/s | 260.0 MiB / 545.9 MiB | ETA:   0:01:26
[########          ] 47% |   3.3 MiB/s | 261.0 MiB / 545.9 MiB | ETA:   0:01:25
[########          ] 47% |   3.3 MiB/s | 262.0 MiB / 545.9 MiB | ETA:   0:01:25
[########          ] 48% |   3.3 MiB/s | 263.0 MiB / 545.9 MiB | ETA:   0:01:25
[########          ] 48% |   3.3 MiB/s | 264.0 MiB / 545.9 MiB | ETA:   0:01:25
[########          ] 48% |   3.3 MiB/s | 265.0 MiB / 545.9 MiB | ETA:   0:01:24
[########          ] 48% |   3.3 MiB/s | 266.0 MiB / 545.9 MiB | ETA:   0:01:24
[########          ] 48% |   3.3 MiB/s | 267.0 MiB / 545.9 MiB | ETA:   0:01:24
[########          ] 49% |   3.3 MiB/s | 268.0 MiB / 545.9 MiB | ETA:   0:01:23
[########          ] 49% |   3.3 MiB/s | 269.0 MiB / 545.9 MiB | ETA:   0:01:23
[########          ] 49% |   3.3 MiB/s | 270.0 MiB / 545.9 MiB | ETA:   0:01:23
[########          ] 49% |   3.3 MiB/s | 271.0 MiB / 545.9 MiB | ETA:   0:01:22
[########          ] 49% |   3.3 MiB/s | 272.0 MiB / 545.9 MiB | ETA:   0:01:22
[#########         ] 50% |   3.3 MiB/s | 273.0 MiB / 545.9 MiB | ETA:   0:01:22
[#########         ] 50% |   3.3 MiB/s | 274.0 MiB / 545.9 MiB | ETA:   0:01:21
[#########         ] 50% |   3.3 MiB/s | 275.0 MiB / 545.9 MiB | ETA:   0:01:21
[#########         ] 50% |   3.3 MiB/s | 276.0 MiB / 545.9 MiB | ETA:   0:01:21
[#########         ] 50% |   3.3 MiB/s | 277.0 MiB / 545.9 MiB | ETA:   0:01:20
[#########         ] 50% |   3.3 MiB/s | 278.0 MiB / 545.9 MiB | ETA:   0:01:20
[#########         ] 51% |   3.3 MiB/s | 279.0 MiB / 545.9 MiB | ETA:   0:01:20
[#########         ] 51% |   3.3 MiB/s | 280.0 MiB / 545.9 MiB | ETA:   0:01:20
[#########         ] 51% |   3.3 MiB/s | 281.0 MiB / 545.9 MiB | ETA:   0:01:19
[#########         ] 51% |   3.3 MiB/s | 282.0 MiB / 545.9 MiB | ETA:   0:01:19
[#########         ] 51% |   3.3 MiB/s | 283.0 MiB / 545.9 MiB | ETA:   0:01:19
[#########         ] 52% |   3.3 MiB/s | 284.0 MiB / 545.9 MiB | ETA:   0:01:18
[#########         ] 52% |   3.3 MiB/s | 285.0 MiB / 545.9 MiB | ETA:   0:01:18
[#########         ] 52% |   3.3 MiB/s | 286.0 MiB / 545.9 MiB | ETA:   0:01:18
[#########         ] 52% |   3.3 MiB/s | 287.0 MiB / 545.9 MiB | ETA:   0:01:17
[#########         ] 52% |   3.3 MiB/s | 288.0 MiB / 545.9 MiB | ETA:   0:01:17
[#########         ] 52% |   3.3 MiB/s | 289.0 MiB / 545.9 MiB | ETA:   0:01:17
[#########         ] 53% |   3.3 MiB/s | 290.0 MiB / 545.9 MiB | ETA:   0:01:17
[#########         ] 53% |   3.3 MiB/s | 291.0 MiB / 545.9 MiB | ETA:   0:01:16
[#########         ] 53% |   3.3 MiB/s | 292.0 MiB / 545.9 MiB | ETA:   0:01:16
[#########         ] 53% |   3.3 MiB/s | 293.0 MiB / 545.9 MiB | ETA:   0:01:16
[#########         ] 53% |   3.3 MiB/s | 294.0 MiB / 545.9 MiB | ETA:   0:01:15
[#########         ] 54% |   3.3 MiB/s | 295.0 MiB / 545.9 MiB | ETA:   0:01:15
[#########         ] 54% |   3.3 MiB/s | 296.0 MiB / 545.9 MiB | ETA:   0:01:15
[#########         ] 54% |   3.3 MiB/s | 297.0 MiB / 545.9 MiB | ETA:   0:01:15
[#########         ] 54% |   3.3 MiB/s | 298.0 MiB / 545.9 MiB | ETA:   0:01:14
[#########         ] 54% |   3.3 MiB/s | 299.0 MiB / 545.9 MiB | ETA:   0:01:14
[#########         ] 54% |   3.3 MiB/s | 300.0 MiB / 545.9 MiB | ETA:   0:01:14
[#########         ] 55% |   3.3 MiB/s | 301.0 MiB / 545.9 MiB | ETA:   0:01:13
[#########         ] 55% |   3.3 MiB/s | 302.0 MiB / 545.9 MiB | ETA:   0:01:13
[#########         ] 55% |   3.3 MiB/s | 303.0 MiB / 545.9 MiB | ETA:   0:01:13
[##########        ] 55% |   3.3 MiB/s | 304.0 MiB / 545.9 MiB | ETA:   0:01:13
[##########        ] 55% |   3.3 MiB/s | 305.0 MiB / 545.9 MiB | ETA:   0:01:12
[##########        ] 56% |   3.3 MiB/s | 306.0 MiB / 545.9 MiB | ETA:   0:01:12
[##########        ] 56% |   3.3 MiB/s | 307.0 MiB / 545.9 MiB | ETA:   0:01:12
[##########        ] 56% |   3.3 MiB/s | 308.0 MiB / 545.9 MiB | ETA:   0:01:11
[##########        ] 56% |   3.3 MiB/s | 309.0 MiB / 545.9 MiB | ETA:   0:01:11
[##########        ] 56% |   3.3 MiB/s | 310.0 MiB / 545.9 MiB | ETA:   0:01:11
[##########        ] 56% |   3.3 MiB/s | 311.0 MiB / 545.9 MiB | ETA:   0:01:11
[##########        ] 57% |   3.3 MiB/s | 312.0 MiB / 545.9 MiB | ETA:   0:01:10
[##########        ] 57% |   3.3 MiB/s | 313.0 MiB / 545.9 MiB | ETA:   0:01:10
[##########        ] 57% |   3.3 MiB/s | 314.0 MiB / 545.9 MiB | ETA:   0:01:10
[##########        ] 57% |   3.3 MiB/s | 315.0 MiB / 545.9 MiB | ETA:   0:01:09
[##########        ] 57% |   3.3 MiB/s | 316.0 MiB / 545.9 MiB | ETA:   0:01:09
[##########        ] 58% |   3.3 MiB/s | 317.0 MiB / 545.9 MiB | ETA:   0:01:09
[##########        ] 58% |   3.3 MiB/s | 318.0 MiB / 545.9 MiB | ETA:   0:01:09
[##########        ] 58% |   3.3 MiB/s | 319.0 MiB / 545.9 MiB | ETA:   0:01:08
[##########        ] 58% |   3.3 MiB/s | 320.0 MiB / 545.9 MiB | ETA:   0:01:08
[##########        ] 58% |   3.3 MiB/s | 321.0 MiB / 545.9 MiB | ETA:   0:01:08
[##########        ] 58% |   3.3 MiB/s | 322.0 MiB / 545.9 MiB | ETA:   0:01:07
[##########        ] 59% |   3.3 MiB/s | 323.0 MiB / 545.9 MiB | ETA:   0:01:07
[##########        ] 59% |   3.3 MiB/s | 324.0 MiB / 545.9 MiB | ETA:   0:01:07
[##########        ] 59% |   3.3 MiB/s | 325.0 MiB / 545.9 MiB | ETA:   0:01:07
[##########        ] 59% |   3.3 MiB/s | 326.0 MiB / 545.9 MiB | ETA:   0:01:06
[##########        ] 59% |   3.3 MiB/s | 327.0 MiB / 545.9 MiB | ETA:   0:01:06
[##########        ] 60% |   3.3 MiB/s | 328.0 MiB / 545.9 MiB | ETA:   0:01:06
[##########        ] 60% |   3.3 MiB/s | 329.0 MiB / 545.9 MiB | ETA:   0:01:05
[##########        ] 60% |   3.3 MiB/s | 330.0 MiB / 545.9 MiB | ETA:   0:01:05
[##########        ] 60% |   3.3 MiB/s | 331.0 MiB / 545.9 MiB | ETA:   0:01:05
[##########        ] 60% |   3.3 MiB/s | 332.0 MiB / 545.9 MiB | ETA:   0:01:04
[##########        ] 60% |   3.3 MiB/s | 333.0 MiB / 545.9 MiB | ETA:   0:01:04
[###########       ] 61% |   3.3 MiB/s | 334.0 MiB / 545.9 MiB | ETA:   0:01:04
[###########       ] 61% |   3.3 MiB/s | 335.0 MiB / 545.9 MiB | ETA:   0:01:03
[###########       ] 61% |   3.3 MiB/s | 336.0 MiB / 545.9 MiB | ETA:   0:01:03
[###########       ] 61% |   3.3 MiB/s | 337.0 MiB / 545.9 MiB | ETA:   0:01:03
[###########       ] 61% |   3.3 MiB/s | 338.0 MiB / 545.9 MiB | ETA:   0:01:03
[###########       ] 62% |   3.3 MiB/s | 339.0 MiB / 545.9 MiB | ETA:   0:01:02
[###########       ] 62% |   3.3 MiB/s | 340.0 MiB / 545.9 MiB | ETA:   0:01:02
[###########       ] 62% |   3.3 MiB/s | 341.0 MiB / 545.9 MiB | ETA:   0:01:02
[###########       ] 62% |   3.3 MiB/s | 342.0 MiB / 545.9 MiB | ETA:   0:01:01
[###########       ] 62% |   3.3 MiB/s | 343.0 MiB / 545.9 MiB | ETA:   0:01:01
[###########       ] 63% |   3.3 MiB/s | 344.0 MiB / 545.9 MiB | ETA:   0:01:01
[###########       ] 63% |   3.3 MiB/s | 345.0 MiB / 545.9 MiB | ETA:   0:01:00
[###########       ] 63% |   3.3 MiB/s | 346.0 MiB / 545.9 MiB | ETA:   0:01:00
[###########       ] 63% |   3.3 MiB/s | 347.0 MiB / 545.9 MiB | ETA:   0:01:00
[###########       ] 63% |   3.3 MiB/s | 348.0 MiB / 545.9 MiB | ETA:   0:01:00
[###########       ] 63% |   3.3 MiB/s | 349.0 MiB / 545.9 MiB | ETA:   0:00:59
[###########       ] 64% |   3.3 MiB/s | 350.0 MiB / 545.9 MiB | ETA:   0:00:59
[###########       ] 64% |   3.3 MiB/s | 351.0 MiB / 545.9 MiB | ETA:   0:00:59
[###########       ] 64% |   3.3 MiB/s | 352.0 MiB / 545.9 MiB | ETA:   0:00:58
[###########       ] 64% |   3.3 MiB/s | 353.0 MiB / 545.9 MiB | ETA:   0:00:58
[###########       ] 64% |   3.3 MiB/s | 354.0 MiB / 545.9 MiB | ETA:   0:00:58
[###########       ] 65% |   3.3 MiB/s | 355.0 MiB / 545.9 MiB | ETA:   0:00:57
[###########       ] 65% |   3.3 MiB/s | 356.0 MiB / 545.9 MiB | ETA:   0:00:57
[###########       ] 65% |   3.3 MiB/s | 357.0 MiB / 545.9 MiB | ETA:   0:00:57
[###########       ] 65% |   3.3 MiB/s | 358.0 MiB / 545.9 MiB | ETA:   0:00:56
[###########       ] 65% |   3.3 MiB/s | 359.0 MiB / 545.9 MiB | ETA:   0:00:56
[###########       ] 65% |   3.3 MiB/s | 360.0 MiB / 545.9 MiB | ETA:   0:00:56
[###########       ] 66% |   3.3 MiB/s | 361.0 MiB / 545.9 MiB | ETA:   0:00:56
[###########       ] 66% |   3.3 MiB/s | 362.0 MiB / 545.9 MiB | ETA:   0:00:55
[###########       ] 66% |   3.3 MiB/s | 363.0 MiB / 545.9 MiB | ETA:   0:00:55
[############      ] 66% |   3.3 MiB/s | 364.0 MiB / 545.9 MiB | ETA:   0:00:55
[############      ] 66% |   3.3 MiB/s | 365.0 MiB / 545.9 MiB | ETA:   0:00:54
[############      ] 67% |   3.3 MiB/s | 366.0 MiB / 545.9 MiB | ETA:   0:00:54
[############      ] 67% |   3.3 MiB/s | 367.0 MiB / 545.9 MiB | ETA:   0:00:54
[############      ] 67% |   3.3 MiB/s | 368.0 MiB / 545.9 MiB | ETA:   0:00:53
[############      ] 67% |   3.3 MiB/s | 369.0 MiB / 545.9 MiB | ETA:   0:00:53
[############      ] 67% |   3.3 MiB/s | 370.0 MiB / 545.9 MiB | ETA:   0:00:53
[############      ] 67% |   3.3 MiB/s | 371.0 MiB / 545.9 MiB | ETA:   0:00:53
[############      ] 68% |   3.3 MiB/s | 372.0 MiB / 545.9 MiB | ETA:   0:00:52
[############      ] 68% |   3.3 MiB/s | 373.0 MiB / 545.9 MiB | ETA:   0:00:52
[############      ] 68% |   3.3 MiB/s | 374.0 MiB / 545.9 MiB | ETA:   0:00:52
[############      ] 68% |   3.3 MiB/s | 375.0 MiB / 545.9 MiB | ETA:   0:00:51
[############      ] 68% |   3.3 MiB/s | 376.0 MiB / 545.9 MiB | ETA:   0:00:51
[############      ] 69% |   3.3 MiB/s | 377.0 MiB / 545.9 MiB | ETA:   0:00:51
[############      ] 69% |   3.3 MiB/s | 378.0 MiB / 545.9 MiB | ETA:   0:00:50
[############      ] 69% |   3.3 MiB/s | 379.0 MiB / 545.9 MiB | ETA:   0:00:50
[############      ] 69% |   3.3 MiB/s | 380.0 MiB / 545.9 MiB | ETA:   0:00:50
[############      ] 69% |   3.3 MiB/s | 381.0 MiB / 545.9 MiB | ETA:   0:00:49
[############      ] 69% |   3.3 MiB/s | 382.0 MiB / 545.9 MiB | ETA:   0:00:49
[############      ] 70% |   3.3 MiB/s | 383.0 MiB / 545.9 MiB | ETA:   0:00:49
[############      ] 70% |   3.3 MiB/s | 384.0 MiB / 545.9 MiB | ETA:   0:00:48
[############      ] 70% |   3.3 MiB/s | 385.0 MiB / 545.9 MiB | ETA:   0:00:48
[############      ] 70% |   3.3 MiB/s | 386.0 MiB / 545.9 MiB | ETA:   0:00:48
[############      ] 70% |   3.3 MiB/s | 387.0 MiB / 545.9 MiB | ETA:   0:00:48
[############      ] 71% |   3.3 MiB/s | 388.0 MiB / 545.9 MiB | ETA:   0:00:47
[############      ] 71% |   3.3 MiB/s | 389.0 MiB / 545.9 MiB | ETA:   0:00:47
[############      ] 71% |   3.3 MiB/s | 390.0 MiB / 545.9 MiB | ETA:   0:00:47
[############      ] 71% |   3.3 MiB/s | 391.0 MiB / 545.9 MiB | ETA:   0:00:46
[############      ] 71% |   3.3 MiB/s | 392.0 MiB / 545.9 MiB | ETA:   0:00:46
[############      ] 71% |   3.3 MiB/s | 393.0 MiB / 545.9 MiB | ETA:   0:00:46
[############      ] 72% |   3.3 MiB/s | 394.0 MiB / 545.9 MiB | ETA:   0:00:45
[#############     ] 72% |   3.3 MiB/s | 395.0 MiB / 545.9 MiB | ETA:   0:00:45
[#############     ] 72% |   3.3 MiB/s | 396.0 MiB / 545.9 MiB | ETA:   0:00:45
[#############     ] 72% |   3.3 MiB/s | 397.0 MiB / 545.9 MiB | ETA:   0:00:44
[#############     ] 72% |   3.3 MiB/s | 398.0 MiB / 545.9 MiB | ETA:   0:00:44
[#############     ] 73% |   3.3 MiB/s | 399.0 MiB / 545.9 MiB | ETA:   0:00:44
[#############     ] 73% |   3.3 MiB/s | 400.0 MiB / 545.9 MiB | ETA:   0:00:43
[#############     ] 73% |   3.3 MiB/s | 401.0 MiB / 545.9 MiB | ETA:   0:00:43
[#############     ] 73% |   3.3 MiB/s | 402.0 MiB / 545.9 MiB | ETA:   0:00:43
[#############     ] 73% |   3.3 MiB/s | 403.0 MiB / 545.9 MiB | ETA:   0:00:43
[#############     ] 74% |   3.3 MiB/s | 404.0 MiB / 545.9 MiB | ETA:   0:00:42
[#############     ] 74% |   3.3 MiB/s | 405.0 MiB / 545.9 MiB | ETA:   0:00:42
[#############     ] 74% |   3.3 MiB/s | 406.0 MiB / 545.9 MiB | ETA:   0:00:42
[#############     ] 74% |   3.3 MiB/s | 407.0 MiB / 545.9 MiB | ETA:   0:00:41
[#############     ] 74% |   3.3 MiB/s | 408.0 MiB / 545.9 MiB | ETA:   0:00:41
[#############     ] 74% |   3.3 MiB/s | 409.0 MiB / 545.9 MiB | ETA:   0:00:41
[#############     ] 75% |   3.3 MiB/s | 410.0 MiB / 545.9 MiB | ETA:   0:00:40
[#############     ] 75% |   3.3 MiB/s | 411.0 MiB / 545.9 MiB | ETA:   0:00:40
[#############     ] 75% |   3.3 MiB/s | 412.0 MiB / 545.9 MiB | ETA:   0:00:40
[#############     ] 75% |   3.3 MiB/s | 413.0 MiB / 545.9 MiB | ETA:   0:00:39
[#############     ] 75% |   3.3 MiB/s | 414.0 MiB / 545.9 MiB | ETA:   0:00:39
[#############     ] 76% |   3.3 MiB/s | 415.0 MiB / 545.9 MiB | ETA:   0:00:39
[#############     ] 76% |   3.3 MiB/s | 416.0 MiB / 545.9 MiB | ETA:   0:00:39
[#############     ] 76% |   3.3 MiB/s | 417.0 MiB / 545.9 MiB | ETA:   0:00:38
[#############     ] 76% |   3.3 MiB/s | 418.0 MiB / 545.9 MiB | ETA:   0:00:38
[#############     ] 76% |   3.3 MiB/s | 419.0 MiB / 545.9 MiB | ETA:   0:00:38
[#############     ] 76% |   3.3 MiB/s | 420.0 MiB / 545.9 MiB | ETA:   0:00:37
[#############     ] 77% |   3.3 MiB/s | 421.0 MiB / 545.9 MiB | ETA:   0:00:37
[#############     ] 77% |   3.3 MiB/s | 422.0 MiB / 545.9 MiB | ETA:   0:00:37
[#############     ] 77% |   3.3 MiB/s | 423.0 MiB / 545.9 MiB | ETA:   0:00:37
[#############     ] 77% |   3.3 MiB/s | 424.0 MiB / 545.9 MiB | ETA:   0:00:36
[##############    ] 77% |   3.3 MiB/s | 425.0 MiB / 545.9 MiB | ETA:   0:00:36
[##############    ] 78% |   3.3 MiB/s | 426.0 MiB / 545.9 MiB | ETA:   0:00:36
[##############    ] 78% |   3.3 MiB/s | 427.0 MiB / 545.9 MiB | ETA:   0:00:35
[##############    ] 78% |   3.3 MiB/s | 428.0 MiB / 545.9 MiB | ETA:   0:00:35
[##############    ] 78% |   3.3 MiB/s | 429.0 MiB / 545.9 MiB | ETA:   0:00:35
[##############    ] 78% |   3.3 MiB/s | 430.0 MiB / 545.9 MiB | ETA:   0:00:34
[##############    ] 78% |   3.3 MiB/s | 431.0 MiB / 545.9 MiB | ETA:   0:00:34
[##############    ] 79% |   3.3 MiB/s | 432.0 MiB / 545.9 MiB | ETA:   0:00:34
[##############    ] 79% |   3.3 MiB/s | 433.0 MiB / 545.9 MiB | ETA:   0:00:34
[##############    ] 79% |   3.3 MiB/s | 434.0 MiB / 545.9 MiB | ETA:   0:00:33
[##############    ] 79% |   3.3 MiB/s | 435.0 MiB / 545.9 MiB | ETA:   0:00:33
[##############    ] 79% |   3.3 MiB/s | 436.0 MiB / 545.9 MiB | ETA:   0:00:33
[##############    ] 80% |   3.3 MiB/s | 437.0 MiB / 545.9 MiB | ETA:   0:00:32
[##############    ] 80% |   3.3 MiB/s | 438.0 MiB / 545.9 MiB | ETA:   0:00:32
[##############    ] 80% |   3.3 MiB/s | 439.0 MiB / 545.9 MiB | ETA:   0:00:32
[##############    ] 80% |   3.3 MiB/s | 440.0 MiB / 545.9 MiB | ETA:   0:00:31
[##############    ] 80% |   3.3 MiB/s | 441.0 MiB / 545.9 MiB | ETA:   0:00:31
[##############    ] 80% |   3.3 MiB/s | 442.0 MiB / 545.9 MiB | ETA:   0:00:31
[##############    ] 81% |   3.3 MiB/s | 443.0 MiB / 545.9 MiB | ETA:   0:00:31
[##############    ] 81% |   3.3 MiB/s | 444.0 MiB / 545.9 MiB | ETA:   0:00:30
[##############    ] 81% |   3.3 MiB/s | 445.0 MiB / 545.9 MiB | ETA:   0:00:30
[##############    ] 81% |   3.3 MiB/s | 446.0 MiB / 545.9 MiB | ETA:   0:00:30
[##############    ] 81% |   3.3 MiB/s | 447.0 MiB / 545.9 MiB | ETA:   0:00:29
[##############    ] 82% |   3.3 MiB/s | 448.0 MiB / 545.9 MiB | ETA:   0:00:29
[##############    ] 82% |   3.3 MiB/s | 449.0 MiB / 545.9 MiB | ETA:   0:00:29
[##############    ] 82% |   3.3 MiB/s | 450.0 MiB / 545.9 MiB | ETA:   0:00:28
[##############    ] 82% |   3.3 MiB/s | 451.0 MiB / 545.9 MiB | ETA:   0:00:28
[##############    ] 82% |   3.3 MiB/s | 452.0 MiB / 545.9 MiB | ETA:   0:00:28
[##############    ] 82% |   3.3 MiB/s | 453.0 MiB / 545.9 MiB | ETA:   0:00:27
[##############    ] 83% |   3.3 MiB/s | 454.0 MiB / 545.9 MiB | ETA:   0:00:27
[###############   ] 83% |   3.3 MiB/s | 455.0 MiB / 545.9 MiB | ETA:   0:00:27
[###############   ] 83% |   3.3 MiB/s | 456.0 MiB / 545.9 MiB | ETA:   0:00:27
[###############   ] 83% |   3.3 MiB/s | 457.0 MiB / 545.9 MiB | ETA:   0:00:26
[###############   ] 83% |   3.3 MiB/s | 458.0 MiB / 545.9 MiB | ETA:   0:00:26
[###############   ] 84% |   3.3 MiB/s | 459.0 MiB / 545.9 MiB | ETA:   0:00:26
[###############   ] 84% |   3.3 MiB/s | 460.0 MiB / 545.9 MiB | ETA:   0:00:25
[###############   ] 84% |   3.3 MiB/s | 461.0 MiB / 545.9 MiB | ETA:   0:00:25
[###############   ] 84% |   3.3 MiB/s | 462.0 MiB / 545.9 MiB | ETA:   0:00:25
[###############   ] 84% |   3.3 MiB/s | 463.0 MiB / 545.9 MiB | ETA:   0:00:24
[###############   ] 84% |   3.3 MiB/s | 464.0 MiB / 545.9 MiB | ETA:   0:00:24
[###############   ] 85% |   3.3 MiB/s | 465.0 MiB / 545.9 MiB | ETA:   0:00:24
[###############   ] 85% |   3.3 MiB/s | 466.0 MiB / 545.9 MiB | ETA:   0:00:24
[###############   ] 85% |   3.3 MiB/s | 467.0 MiB / 545.9 MiB | ETA:   0:00:23
[###############   ] 85% |   3.3 MiB/s | 468.0 MiB / 545.9 MiB | ETA:   0:00:23
[###############   ] 85% |   3.3 MiB/s | 469.0 MiB / 545.9 MiB | ETA:   0:00:23
[###############   ] 86% |   3.3 MiB/s | 470.0 MiB / 545.9 MiB | ETA:   0:00:22
[###############   ] 86% |   3.3 MiB/s | 471.0 MiB / 545.9 MiB | ETA:   0:00:22
[###############   ] 86% |   3.3 MiB/s | 472.0 MiB / 545.9 MiB | ETA:   0:00:22
[###############   ] 86% |   3.3 MiB/s | 473.0 MiB / 545.9 MiB | ETA:   0:00:21
[###############   ] 86% |   3.3 MiB/s | 474.0 MiB / 545.9 MiB | ETA:   0:00:21
[###############   ] 87% |   3.3 MiB/s | 475.0 MiB / 545.9 MiB | ETA:   0:00:21
[###############   ] 87% |   3.3 MiB/s | 476.0 MiB / 545.9 MiB | ETA:   0:00:21
[###############   ] 87% |   3.3 MiB/s | 477.0 MiB / 545.9 MiB | ETA:   0:00:20
[###############   ] 87% |   3.3 MiB/s | 478.0 MiB / 545.9 MiB | ETA:   0:00:20
[###############   ] 87% |   3.3 MiB/s | 479.0 MiB / 545.9 MiB | ETA:   0:00:20
[###############   ] 87% |   3.3 MiB/s | 480.0 MiB / 545.9 MiB | ETA:   0:00:19
[###############   ] 88% |   3.3 MiB/s | 481.0 MiB / 545.9 MiB | ETA:   0:00:19
[###############   ] 88% |   3.3 MiB/s | 482.0 MiB / 545.9 MiB | ETA:   0:00:19
[###############   ] 88% |   3.3 MiB/s | 483.0 MiB / 545.9 MiB | ETA:   0:00:18
[###############   ] 88% |   3.3 MiB/s | 484.0 MiB / 545.9 MiB | ETA:   0:00:18
[###############   ] 88% |   3.3 MiB/s | 485.0 MiB / 545.9 MiB | ETA:   0:00:18
[################  ] 89% |   3.3 MiB/s | 486.0 MiB / 545.9 MiB | ETA:   0:00:18
[################  ] 89% |   3.3 MiB/s | 487.0 MiB / 545.9 MiB | ETA:   0:00:17
[################  ] 89% |   3.3 MiB/s | 488.0 MiB / 545.9 MiB | ETA:   0:00:17
[################  ] 89% |   3.3 MiB/s | 489.0 MiB / 545.9 MiB | ETA:   0:00:17
[################  ] 89% |   3.3 MiB/s | 490.0 MiB / 545.9 MiB | ETA:   0:00:16
[################  ] 89% |   3.3 MiB/s | 491.0 MiB / 545.9 MiB | ETA:   0:00:16
[################  ] 90% |   3.3 MiB/s | 492.0 MiB / 545.9 MiB | ETA:   0:00:16
[################  ] 90% |   3.3 MiB/s | 493.0 MiB / 545.9 MiB | ETA:   0:00:15
[################  ] 90% |   3.3 MiB/s | 494.0 MiB / 545.9 MiB | ETA:   0:00:15
[################  ] 90% |   3.3 MiB/s | 495.0 MiB / 545.9 MiB | ETA:   0:00:15
[################  ] 90% |   3.3 MiB/s | 496.0 MiB / 545.9 MiB | ETA:   0:00:15
[################  ] 91% |   3.3 MiB/s | 497.0 MiB / 545.9 MiB | ETA:   0:00:14
[################  ] 91% |   3.3 MiB/s | 498.0 MiB / 545.9 MiB | ETA:   0:00:14
[################  ] 91% |   3.3 MiB/s | 499.0 MiB / 545.9 MiB | ETA:   0:00:14
[################  ] 91% |   3.3 MiB/s | 500.0 MiB / 545.9 MiB | ETA:   0:00:13
[################  ] 91% |   3.3 MiB/s | 501.0 MiB / 545.9 MiB | ETA:   0:00:13
[################  ] 91% |   3.3 MiB/s | 502.0 MiB / 545.9 MiB | ETA:   0:00:13
[################  ] 92% |   3.3 MiB/s | 503.0 MiB / 545.9 MiB | ETA:   0:00:12
[################  ] 92% |   3.3 MiB/s | 504.0 MiB / 545.9 MiB | ETA:   0:00:12
[################  ] 92% |   3.3 MiB/s | 505.0 MiB / 545.9 MiB | ETA:   0:00:12
[################  ] 92% |   3.3 MiB/s | 506.0 MiB / 545.9 MiB | ETA:   0:00:12
[################  ] 92% |   3.3 MiB/s | 507.0 MiB / 545.9 MiB | ETA:   0:00:11
[################  ] 93% |   3.3 MiB/s | 508.0 MiB / 545.9 MiB | ETA:   0:00:11
[################  ] 93% |   3.3 MiB/s | 509.0 MiB / 545.9 MiB | ETA:   0:00:11
[################  ] 93% |   3.3 MiB/s | 510.0 MiB / 545.9 MiB | ETA:   0:00:10
[################  ] 93% |   3.3 MiB/s | 511.0 MiB / 545.9 MiB | ETA:   0:00:10
[################  ] 93% |   3.3 MiB/s | 512.0 MiB / 545.9 MiB | ETA:   0:00:10
[################  ] 93% |   3.3 MiB/s | 513.0 MiB / 545.9 MiB | ETA:   0:00:09
[################  ] 94% |   3.3 MiB/s | 514.0 MiB / 545.9 MiB | ETA:   0:00:09
[################  ] 94% |   3.3 MiB/s | 515.0 MiB / 545.9 MiB | ETA:   0:00:09
[################# ] 94% |   3.3 MiB/s | 516.0 MiB / 545.9 MiB | ETA:   0:00:09
[################# ] 94% |   3.3 MiB/s | 517.0 MiB / 545.9 MiB | ETA:   0:00:08
[################# ] 94% |   3.3 MiB/s | 518.0 MiB / 545.9 MiB | ETA:   0:00:08
[################# ] 95% |   3.3 MiB/s | 519.0 MiB / 545.9 MiB | ETA:   0:00:08
[################# ] 95% |   3.3 MiB/s | 520.0 MiB / 545.9 MiB | ETA:   0:00:07
[################# ] 95% |   3.3 MiB/s | 521.0 MiB / 545.9 MiB | ETA:   0:00:07
[################# ] 95% |   3.3 MiB/s | 522.0 MiB / 545.9 MiB | ETA:   0:00:07
[################# ] 95% |   3.3 MiB/s | 523.0 MiB / 545.9 MiB | ETA:   0:00:06
[################# ] 95% |   3.3 MiB/s | 524.0 MiB / 545.9 MiB | ETA:   0:00:06
[################# ] 96% |   3.3 MiB/s | 525.0 MiB / 545.9 MiB | ETA:   0:00:06
[################# ] 96% |   3.3 MiB/s | 526.0 MiB / 545.9 MiB | ETA:   0:00:06
[################# ] 96% |   3.3 MiB/s | 527.0 MiB / 545.9 MiB | ETA:   0:00:05
[################# ] 96% |   3.3 MiB/s | 528.0 MiB / 545.9 MiB | ETA:   0:00:05
[################# ] 96% |   3.3 MiB/s | 529.0 MiB / 545.9 MiB | ETA:   0:00:05
[################# ] 97% |   3.3 MiB/s | 530.0 MiB / 545.9 MiB | ETA:   0:00:04
[################# ] 97% |   3.3 MiB/s | 531.0 MiB / 545.9 MiB | ETA:   0:00:04
[################# ] 97% |   3.3 MiB/s | 532.0 MiB / 545.9 MiB | ETA:   0:00:04
[################# ] 97% |   3.3 MiB/s | 533.0 MiB / 545.9 MiB | ETA:   0:00:03
[################# ] 97% |   3.3 MiB/s | 534.0 MiB / 545.9 MiB | ETA:   0:00:03
[################# ] 97% |   3.3 MiB/s | 535.0 MiB / 545.9 MiB | ETA:   0:00:03
[################# ] 98% |   3.3 MiB/s | 536.0 MiB / 545.9 MiB | ETA:   0:00:02
[################# ] 98% |   3.3 MiB/s | 537.0 MiB / 545.9 MiB | ETA:   0:00:02
[################# ] 98% |   3.3 MiB/s | 538.0 MiB / 545.9 MiB | ETA:   0:00:02
[################# ] 98% |   3.3 MiB/s | 539.0 MiB / 545.9 MiB | ETA:   0:00:02
[################# ] 98% |   3.3 MiB/s | 540.0 MiB / 545.9 MiB | ETA:   0:00:01
[################# ] 99% |   3.3 MiB/s | 541.0 MiB / 545.9 MiB | ETA:   0:00:01
[################# ] 99% |   3.3 MiB/s | 542.0 MiB / 545.9 MiB | ETA:   0:00:01
[################# ] 99% |   3.3 MiB/s | 543.0 MiB / 545.9 MiB | ETA:   0:00:00
[################# ] 99% |   3.3 MiB/s | 544.0 MiB / 545.9 MiB | ETA:   0:00:00
[################# ] 99% |   3.3 MiB/s | 545.0 MiB / 545.9 MiB | ETA:   0:00:00
[##################]100% |   3.3 MiB/s | 545.9 MiB / 545.9 MiB | Time:  0:02:44
____ test_compare_column_names[CCLE_expression_transcripts_expected_count] _____

data = (            TSPAN6 (ENST00000373020)  ...  ERCC-00171
ACH-001113                    2272.9  ...      1059.0
ACH-00128....0     27312.0
ACH-000052           2956.3              0.0  ...         0.0         0.0

[1511 rows x 199271 columns])

    @pytest.mark.parametrize('data', PARAMS_compare_column_names, indirect=['data'])
    @pytest.mark.compare
    def test_compare_column_names(data):
        data1, data2 = data
>       assert set(data1.columns) == set(data2.columns)
E       AssertionError: assert {'A1BG (ENST0...593374)', ...} == {'ENST0000000...0002125', ...}
E         Extra items in the left set:
E         'LINC01361 (ENST00000452834)'
E         'C22orf23 (ENST00000418863)'
E         'FIGNL1 (ENST00000395556)'
E         'DHX57 (ENST00000479345)'
E         'RNPS1 (ENST00000563857)'
E         'TAB2 (ENST00000538427)'...
E         
E         ...Full output truncated (794349 lines hidden), use '-vv' to show

test_compare_to_ref_release.py:56: AssertionError
---------------------------- Captured stderr setup -----------------------------
[                      ]N/A% |   0.0 s/B |   0.0 B / 409.8 MiB | ETA:  --:--:--
[                  ]  0% |   9.1 MiB/s |   2.0 MiB / 409.8 MiB | ETA:   0:00:44
[                  ]  0% |   6.9 MiB/s |   3.0 MiB / 409.8 MiB | ETA:   0:00:59
[                  ]  0% |   6.1 MiB/s |   4.0 MiB / 409.8 MiB | ETA:   0:01:06
[                  ]  1% |   5.6 MiB/s |   5.0 MiB / 409.8 MiB | ETA:   0:01:12
[                  ]  1% |   5.3 MiB/s |   6.0 MiB / 409.8 MiB | ETA:   0:01:16
[                  ]  1% |   5.0 MiB/s |   7.0 MiB / 409.8 MiB | ETA:   0:01:20
[                  ]  1% |   4.8 MiB/s |   8.0 MiB / 409.8 MiB | ETA:   0:01:23
[                  ]  2% |   4.8 MiB/s |   9.0 MiB / 409.8 MiB | ETA:   0:01:24
[                  ]  2% |   4.5 MiB/s |  10.0 MiB / 409.8 MiB | ETA:   0:01:29
[                  ]  2% |   4.3 MiB/s |  11.0 MiB / 409.8 MiB | ETA:   0:01:33
[                  ]  2% |   4.1 MiB/s |  12.0 MiB / 409.8 MiB | ETA:   0:01:36
[                  ]  3% |   4.0 MiB/s |  13.0 MiB / 409.8 MiB | ETA:   0:01:39
[                  ]  3% |   3.9 MiB/s |  14.0 MiB / 409.8 MiB | ETA:   0:01:41
[                  ]  3% |   3.8 MiB/s |  15.0 MiB / 409.8 MiB | ETA:   0:01:44
[                  ]  3% |   3.7 MiB/s |  16.0 MiB / 409.8 MiB | ETA:   0:01:46
[                  ]  4% |   3.6 MiB/s |  17.0 MiB / 409.8 MiB | ETA:   0:01:48
[                  ]  4% |   3.6 MiB/s |  18.0 MiB / 409.8 MiB | ETA:   0:01:49
[                  ]  4% |   3.6 MiB/s |  19.0 MiB / 409.8 MiB | ETA:   0:01:49
[                  ]  4% |   3.5 MiB/s |  20.0 MiB / 409.8 MiB | ETA:   0:01:50
[                  ]  5% |   3.5 MiB/s |  21.0 MiB / 409.8 MiB | ETA:   0:01:50
[                  ]  5% |   3.5 MiB/s |  22.0 MiB / 409.8 MiB | ETA:   0:01:51
[#                 ]  5% |   3.5 MiB/s |  23.0 MiB / 409.8 MiB | ETA:   0:01:51
[#                 ]  5% |   3.4 MiB/s |  24.0 MiB / 409.8 MiB | ETA:   0:01:52
[#                 ]  6% |   3.4 MiB/s |  25.0 MiB / 409.8 MiB | ETA:   0:01:52
[#                 ]  6% |   3.4 MiB/s |  26.0 MiB / 409.8 MiB | ETA:   0:01:53
[#                 ]  6% |   3.4 MiB/s |  27.0 MiB / 409.8 MiB | ETA:   0:01:52
[#                 ]  6% |   3.4 MiB/s |  28.0 MiB / 409.8 MiB | ETA:   0:01:52
[#                 ]  7% |   3.4 MiB/s |  29.0 MiB / 409.8 MiB | ETA:   0:01:52
[#                 ]  7% |   3.4 MiB/s |  30.0 MiB / 409.8 MiB | ETA:   0:01:51
[#                 ]  7% |   3.4 MiB/s |  31.0 MiB / 409.8 MiB | ETA:   0:01:51
[#                 ]  7% |   3.4 MiB/s |  32.0 MiB / 409.8 MiB | ETA:   0:01:50
[#                 ]  8% |   3.4 MiB/s |  33.0 MiB / 409.8 MiB | ETA:   0:01:50
[#                 ]  8% |   3.4 MiB/s |  34.0 MiB / 409.8 MiB | ETA:   0:01:49
[#                 ]  8% |   3.4 MiB/s |  35.0 MiB / 409.8 MiB | ETA:   0:01:48
[#                 ]  8% |   3.5 MiB/s |  36.0 MiB / 409.8 MiB | ETA:   0:01:47
[#                 ]  9% |   3.5 MiB/s |  37.0 MiB / 409.8 MiB | ETA:   0:01:47
[#                 ]  9% |   3.5 MiB/s |  38.0 MiB / 409.8 MiB | ETA:   0:01:46
[#                 ]  9% |   3.5 MiB/s |  39.0 MiB / 409.8 MiB | ETA:   0:01:46
[#                 ]  9% |   3.5 MiB/s |  40.0 MiB / 409.8 MiB | ETA:   0:01:46
[#                 ] 10% |   3.5 MiB/s |  41.0 MiB / 409.8 MiB | ETA:   0:01:45
[#                 ] 10% |   3.5 MiB/s |  42.0 MiB / 409.8 MiB | ETA:   0:01:45
[#                 ] 10% |   3.5 MiB/s |  43.0 MiB / 409.8 MiB | ETA:   0:01:46
[#                 ] 10% |   3.5 MiB/s |  44.0 MiB / 409.8 MiB | ETA:   0:01:45
[#                 ] 10% |   3.5 MiB/s |  45.0 MiB / 409.8 MiB | ETA:   0:01:45
[##                ] 11% |   3.4 MiB/s |  46.0 MiB / 409.8 MiB | ETA:   0:01:45
[##                ] 11% |   3.4 MiB/s |  47.0 MiB / 409.8 MiB | ETA:   0:01:45
[##                ] 11% |   3.4 MiB/s |  48.0 MiB / 409.8 MiB | ETA:   0:01:44
[##                ] 11% |   3.4 MiB/s |  49.0 MiB / 409.8 MiB | ETA:   0:01:45
[##                ] 12% |   3.4 MiB/s |  50.0 MiB / 409.8 MiB | ETA:   0:01:44
[##                ] 12% |   3.4 MiB/s |  51.0 MiB / 409.8 MiB | ETA:   0:01:44
[##                ] 12% |   3.5 MiB/s |  52.0 MiB / 409.8 MiB | ETA:   0:01:43
[##                ] 12% |   3.4 MiB/s |  53.0 MiB / 409.8 MiB | ETA:   0:01:43
[##                ] 13% |   3.4 MiB/s |  54.0 MiB / 409.8 MiB | ETA:   0:01:43
[##                ] 13% |   3.4 MiB/s |  55.0 MiB / 409.8 MiB | ETA:   0:01:43
[##                ] 13% |   3.4 MiB/s |  56.0 MiB / 409.8 MiB | ETA:   0:01:42
[##                ] 13% |   3.4 MiB/s |  57.0 MiB / 409.8 MiB | ETA:   0:01:42
[##                ] 14% |   3.4 MiB/s |  58.0 MiB / 409.8 MiB | ETA:   0:01:42
[##                ] 14% |   3.4 MiB/s |  59.0 MiB / 409.8 MiB | ETA:   0:01:42
[##                ] 14% |   3.4 MiB/s |  60.0 MiB / 409.8 MiB | ETA:   0:01:41
[##                ] 14% |   3.4 MiB/s |  61.0 MiB / 409.8 MiB | ETA:   0:01:41
[##                ] 15% |   3.5 MiB/s |  62.0 MiB / 409.8 MiB | ETA:   0:01:40
[##                ] 15% |   3.5 MiB/s |  63.0 MiB / 409.8 MiB | ETA:   0:01:40
[##                ] 15% |   3.5 MiB/s |  64.0 MiB / 409.8 MiB | ETA:   0:01:40
[##                ] 15% |   3.4 MiB/s |  65.0 MiB / 409.8 MiB | ETA:   0:01:39
[##                ] 16% |   3.4 MiB/s |  66.0 MiB / 409.8 MiB | ETA:   0:01:39
[##                ] 16% |   3.4 MiB/s |  67.0 MiB / 409.8 MiB | ETA:   0:01:39
[##                ] 16% |   3.4 MiB/s |  68.0 MiB / 409.8 MiB | ETA:   0:01:39
[###               ] 16% |   3.4 MiB/s |  69.0 MiB / 409.8 MiB | ETA:   0:01:39
[###               ] 17% |   3.4 MiB/s |  70.0 MiB / 409.8 MiB | ETA:   0:01:38
[###               ] 17% |   3.4 MiB/s |  71.0 MiB / 409.8 MiB | ETA:   0:01:38
[###               ] 17% |   3.5 MiB/s |  72.0 MiB / 409.8 MiB | ETA:   0:01:37
[###               ] 17% |   3.5 MiB/s |  73.0 MiB / 409.8 MiB | ETA:   0:01:37
[###               ] 18% |   3.5 MiB/s |  74.0 MiB / 409.8 MiB | ETA:   0:01:37
[###               ] 18% |   3.5 MiB/s |  75.0 MiB / 409.8 MiB | ETA:   0:01:36
[###               ] 18% |   3.5 MiB/s |  76.0 MiB / 409.8 MiB | ETA:   0:01:36
[###               ] 18% |   3.5 MiB/s |  77.0 MiB / 409.8 MiB | ETA:   0:01:36
[###               ] 19% |   3.5 MiB/s |  78.0 MiB / 409.8 MiB | ETA:   0:01:36
[###               ] 19% |   3.5 MiB/s |  79.0 MiB / 409.8 MiB | ETA:   0:01:35
[###               ] 19% |   3.5 MiB/s |  80.0 MiB / 409.8 MiB | ETA:   0:01:35
[###               ] 19% |   3.5 MiB/s |  81.0 MiB / 409.8 MiB | ETA:   0:01:35
[###               ] 20% |   3.5 MiB/s |  82.0 MiB / 409.8 MiB | ETA:   0:01:34
[###               ] 20% |   3.4 MiB/s |  83.0 MiB / 409.8 MiB | ETA:   0:01:34
[###               ] 20% |   3.4 MiB/s |  84.0 MiB / 409.8 MiB | ETA:   0:01:34
[###               ] 20% |   3.4 MiB/s |  85.0 MiB / 409.8 MiB | ETA:   0:01:34
[###               ] 20% |   3.4 MiB/s |  86.0 MiB / 409.8 MiB | ETA:   0:01:33
[###               ] 21% |   3.4 MiB/s |  87.0 MiB / 409.8 MiB | ETA:   0:01:33
[###               ] 21% |   3.4 MiB/s |  88.0 MiB / 409.8 MiB | ETA:   0:01:33
[###               ] 21% |   3.4 MiB/s |  89.0 MiB / 409.8 MiB | ETA:   0:01:33
[###               ] 21% |   3.4 MiB/s |  90.0 MiB / 409.8 MiB | ETA:   0:01:33
[###               ] 22% |   3.4 MiB/s |  91.0 MiB / 409.8 MiB | ETA:   0:01:33
[####              ] 22% |   3.4 MiB/s |  92.0 MiB / 409.8 MiB | ETA:   0:01:32
[####              ] 22% |   3.4 MiB/s |  93.0 MiB / 409.8 MiB | ETA:   0:01:32
[####              ] 22% |   3.4 MiB/s |  94.0 MiB / 409.8 MiB | ETA:   0:01:32
[####              ] 23% |   3.4 MiB/s |  95.0 MiB / 409.8 MiB | ETA:   0:01:31
[####              ] 23% |   3.4 MiB/s |  96.0 MiB / 409.8 MiB | ETA:   0:01:31
[####              ] 23% |   3.4 MiB/s |  97.0 MiB / 409.8 MiB | ETA:   0:01:31
[####              ] 23% |   3.4 MiB/s |  98.0 MiB / 409.8 MiB | ETA:   0:01:31
[####              ] 24% |   3.4 MiB/s |  99.0 MiB / 409.8 MiB | ETA:   0:01:30
[####              ] 24% |   3.4 MiB/s | 100.0 MiB / 409.8 MiB | ETA:   0:01:30
[####              ] 24% |   3.4 MiB/s | 101.0 MiB / 409.8 MiB | ETA:   0:01:30
[####              ] 24% |   3.4 MiB/s | 102.0 MiB / 409.8 MiB | ETA:   0:01:30
[####              ] 25% |   3.4 MiB/s | 103.0 MiB / 409.8 MiB | ETA:   0:01:29
[####              ] 25% |   3.4 MiB/s | 104.0 MiB / 409.8 MiB | ETA:   0:01:29
[####              ] 25% |   3.4 MiB/s | 105.0 MiB / 409.8 MiB | ETA:   0:01:29
[####              ] 25% |   3.4 MiB/s | 106.0 MiB / 409.8 MiB | ETA:   0:01:28
[####              ] 26% |   3.4 MiB/s | 107.0 MiB / 409.8 MiB | ETA:   0:01:28
[####              ] 26% |   3.4 MiB/s | 108.0 MiB / 409.8 MiB | ETA:   0:01:28
[####              ] 26% |   3.4 MiB/s | 109.0 MiB / 409.8 MiB | ETA:   0:01:28
[####              ] 26% |   3.4 MiB/s | 110.0 MiB / 409.8 MiB | ETA:   0:01:27
[####              ] 27% |   3.4 MiB/s | 111.0 MiB / 409.8 MiB | ETA:   0:01:27
[####              ] 27% |   3.4 MiB/s | 112.0 MiB / 409.8 MiB | ETA:   0:01:27
[####              ] 27% |   3.4 MiB/s | 113.0 MiB / 409.8 MiB | ETA:   0:01:27
[#####             ] 27% |   3.4 MiB/s | 114.0 MiB / 409.8 MiB | ETA:   0:01:27
[#####             ] 28% |   3.4 MiB/s | 115.0 MiB / 409.8 MiB | ETA:   0:01:27
[#####             ] 28% |   3.4 MiB/s | 116.0 MiB / 409.8 MiB | ETA:   0:01:26
[#####             ] 28% |   3.4 MiB/s | 117.0 MiB / 409.8 MiB | ETA:   0:01:26
[#####             ] 28% |   3.4 MiB/s | 118.0 MiB / 409.8 MiB | ETA:   0:01:26
[#####             ] 29% |   3.4 MiB/s | 119.0 MiB / 409.8 MiB | ETA:   0:01:26
[#####             ] 29% |   3.4 MiB/s | 120.0 MiB / 409.8 MiB | ETA:   0:01:26
[#####             ] 29% |   3.4 MiB/s | 121.0 MiB / 409.8 MiB | ETA:   0:01:25
[#####             ] 29% |   3.4 MiB/s | 122.0 MiB / 409.8 MiB | ETA:   0:01:25
[#####             ] 30% |   3.4 MiB/s | 123.0 MiB / 409.8 MiB | ETA:   0:01:25
[#####             ] 30% |   3.3 MiB/s | 124.0 MiB / 409.8 MiB | ETA:   0:01:25
[#####             ] 30% |   3.3 MiB/s | 125.0 MiB / 409.8 MiB | ETA:   0:01:25
[#####             ] 30% |   3.3 MiB/s | 126.0 MiB / 409.8 MiB | ETA:   0:01:24
[#####             ] 30% |   3.4 MiB/s | 127.0 MiB / 409.8 MiB | ETA:   0:01:24
[#####             ] 31% |   3.3 MiB/s | 128.0 MiB / 409.8 MiB | ETA:   0:01:24
[#####             ] 31% |   3.3 MiB/s | 129.0 MiB / 409.8 MiB | ETA:   0:01:23
[#####             ] 31% |   3.3 MiB/s | 130.0 MiB / 409.8 MiB | ETA:   0:01:23
[#####             ] 31% |   3.3 MiB/s | 131.0 MiB / 409.8 MiB | ETA:   0:01:23
[#####             ] 32% |   3.3 MiB/s | 132.0 MiB / 409.8 MiB | ETA:   0:01:23
[#####             ] 32% |   3.3 MiB/s | 133.0 MiB / 409.8 MiB | ETA:   0:01:23
[#####             ] 32% |   3.3 MiB/s | 134.0 MiB / 409.8 MiB | ETA:   0:01:22
[#####             ] 32% |   3.3 MiB/s | 135.0 MiB / 409.8 MiB | ETA:   0:01:22
[#####             ] 33% |   3.3 MiB/s | 136.0 MiB / 409.8 MiB | ETA:   0:01:22
[######            ] 33% |   3.3 MiB/s | 137.0 MiB / 409.8 MiB | ETA:   0:01:22
[######            ] 33% |   3.3 MiB/s | 138.0 MiB / 409.8 MiB | ETA:   0:01:21
[######            ] 33% |   3.3 MiB/s | 139.0 MiB / 409.8 MiB | ETA:   0:01:21
[######            ] 34% |   3.3 MiB/s | 140.0 MiB / 409.8 MiB | ETA:   0:01:21
[######            ] 34% |   3.3 MiB/s | 141.0 MiB / 409.8 MiB | ETA:   0:01:20
[######            ] 34% |   3.3 MiB/s | 142.0 MiB / 409.8 MiB | ETA:   0:01:20
[######            ] 34% |   3.3 MiB/s | 143.0 MiB / 409.8 MiB | ETA:   0:01:20
[######            ] 35% |   3.3 MiB/s | 144.0 MiB / 409.8 MiB | ETA:   0:01:20
[######            ] 35% |   3.3 MiB/s | 145.0 MiB / 409.8 MiB | ETA:   0:01:19
[######            ] 35% |   3.3 MiB/s | 146.0 MiB / 409.8 MiB | ETA:   0:01:19
[######            ] 35% |   3.3 MiB/s | 147.0 MiB / 409.8 MiB | ETA:   0:01:19
[######            ] 36% |   3.3 MiB/s | 148.0 MiB / 409.8 MiB | ETA:   0:01:19
[######            ] 36% |   3.3 MiB/s | 149.0 MiB / 409.8 MiB | ETA:   0:01:18
[######            ] 36% |   3.3 MiB/s | 150.0 MiB / 409.8 MiB | ETA:   0:01:18
[######            ] 36% |   3.3 MiB/s | 151.0 MiB / 409.8 MiB | ETA:   0:01:18
[######            ] 37% |   3.3 MiB/s | 152.0 MiB / 409.8 MiB | ETA:   0:01:17
[######            ] 37% |   3.3 MiB/s | 153.0 MiB / 409.8 MiB | ETA:   0:01:17
[######            ] 37% |   3.3 MiB/s | 154.0 MiB / 409.8 MiB | ETA:   0:01:17
[######            ] 37% |   3.3 MiB/s | 155.0 MiB / 409.8 MiB | ETA:   0:01:16
[######            ] 38% |   3.3 MiB/s | 156.0 MiB / 409.8 MiB | ETA:   0:01:16
[######            ] 38% |   3.3 MiB/s | 157.0 MiB / 409.8 MiB | ETA:   0:01:16
[######            ] 38% |   3.3 MiB/s | 158.0 MiB / 409.8 MiB | ETA:   0:01:15
[######            ] 38% |   3.3 MiB/s | 159.0 MiB / 409.8 MiB | ETA:   0:01:15
[#######           ] 39% |   3.3 MiB/s | 160.0 MiB / 409.8 MiB | ETA:   0:01:15
[#######           ] 39% |   3.3 MiB/s | 161.0 MiB / 409.8 MiB | ETA:   0:01:15
[#######           ] 39% |   3.3 MiB/s | 162.0 MiB / 409.8 MiB | ETA:   0:01:14
[#######           ] 39% |   3.3 MiB/s | 163.0 MiB / 409.8 MiB | ETA:   0:01:14
[#######           ] 40% |   3.3 MiB/s | 164.0 MiB / 409.8 MiB | ETA:   0:01:14
[#######           ] 40% |   3.3 MiB/s | 165.0 MiB / 409.8 MiB | ETA:   0:01:13
[#######           ] 40% |   3.3 MiB/s | 166.0 MiB / 409.8 MiB | ETA:   0:01:13
[#######           ] 40% |   3.3 MiB/s | 167.0 MiB / 409.8 MiB | ETA:   0:01:12
[#######           ] 40% |   3.3 MiB/s | 168.0 MiB / 409.8 MiB | ETA:   0:01:12
[#######           ] 41% |   3.3 MiB/s | 169.0 MiB / 409.8 MiB | ETA:   0:01:12
[#######           ] 41% |   3.3 MiB/s | 170.0 MiB / 409.8 MiB | ETA:   0:01:11
[#######           ] 41% |   3.3 MiB/s | 171.0 MiB / 409.8 MiB | ETA:   0:01:11
[#######           ] 41% |   3.3 MiB/s | 172.0 MiB / 409.8 MiB | ETA:   0:01:11
[#######           ] 42% |   3.3 MiB/s | 173.0 MiB / 409.8 MiB | ETA:   0:01:11
[#######           ] 42% |   3.3 MiB/s | 174.0 MiB / 409.8 MiB | ETA:   0:01:10
[#######           ] 42% |   3.3 MiB/s | 175.0 MiB / 409.8 MiB | ETA:   0:01:10
[#######           ] 42% |   3.3 MiB/s | 176.0 MiB / 409.8 MiB | ETA:   0:01:10
[#######           ] 43% |   3.3 MiB/s | 177.0 MiB / 409.8 MiB | ETA:   0:01:09
[#######           ] 43% |   3.3 MiB/s | 178.0 MiB / 409.8 MiB | ETA:   0:01:09
[#######           ] 43% |   3.3 MiB/s | 179.0 MiB / 409.8 MiB | ETA:   0:01:09
[#######           ] 43% |   3.3 MiB/s | 180.0 MiB / 409.8 MiB | ETA:   0:01:09
[#######           ] 44% |   3.3 MiB/s | 181.0 MiB / 409.8 MiB | ETA:   0:01:08
[#######           ] 44% |   3.3 MiB/s | 182.0 MiB / 409.8 MiB | ETA:   0:01:08
[########          ] 44% |   3.3 MiB/s | 183.0 MiB / 409.8 MiB | ETA:   0:01:08
[########          ] 44% |   3.3 MiB/s | 184.0 MiB / 409.8 MiB | ETA:   0:01:07
[########          ] 45% |   3.3 MiB/s | 185.0 MiB / 409.8 MiB | ETA:   0:01:07
[########          ] 45% |   3.3 MiB/s | 186.0 MiB / 409.8 MiB | ETA:   0:01:07
[########          ] 45% |   3.3 MiB/s | 187.0 MiB / 409.8 MiB | ETA:   0:01:06
[########          ] 45% |   3.3 MiB/s | 188.0 MiB / 409.8 MiB | ETA:   0:01:06
[########          ] 46% |   3.3 MiB/s | 189.0 MiB / 409.8 MiB | ETA:   0:01:06
[...]

    @pytest.mark.parametrize('method', ['spearman',
                             pytest.param('pearson',
                             marks=pytest.mark.skip(reason='Pearson can be sensitive to outliers'))])
    @pytest.mark.parametrize('axisname', ['persample',
                            pytest.param('pergene',
                            marks=pytest.mark.skip(reason='If persample fails usually this fails too'))])
    @pytest.mark.parametrize('data, threshold', PARAMS_matrix_correlations, indirect=['data'])
    @pytest.mark.compare
    def test_matrix_correlations(data, threshold, axisname, method):
        axis = 0 if axisname == 'pergene' else 1 if axisname == 'persample' else None
        data1, data2 = data
        corrs = data1.corrwith(data2, axis=axis, drop=True, method=method)
        # TODO: tests for NAs instead of dropping them. It seems like NA can happen if there are all zeros in one of the vectors, so let's dropna for now
        corrs.dropna(inplace=True)
>       assert (corrs >= threshold).all(), 'the cases which did not pass the tests are:\n{}'.format(corrs[corrs<threshold].sort_values())
E       AssertionError: the cases which did not pass the tests are:
E         ACH-001163    0.508721
E         ACH-000833    0.570533
E         ACH-001196    0.736462
E         ACH-001096    0.736462
E         ACH-001164    0.748332
E         dtype: float64
E       assert False
E        +  where False = <bound method NDFrame._add_numeric_operations.<locals>.all of ACH-001113    True\nACH-001289    True\nACH-001339    True...H-000750    True\nACH-000285    True\nACH-001858    True\nACH-001997    True\nACH-000052    True\nLength: 1410, dtype: bool>()
E        +    where <bound method NDFrame._add_numeric_operations.<locals>.all of ACH-001113    True\nACH-001289    True\nACH-001339    True...H-000750    True\nACH-000285    True\nACH-001858    True\nACH-001997    True\nACH-000052    True\nLength: 1410, dtype: bool> = ACH-001113    1.0\nACH-001289    1.0\nACH-001339    1.0\nACH-001538    1.0\nACH-000242    1.0\n             ... \nACH-000750    1.0\nACH-000285    1.0\nACH-001858    1.0\nACH-001997    1.0\nACH-000052    1.0\nLength: 1410, dtype: float64 >= 0.99999.all

test_compare_to_ref_release.py:76: AssertionError
_ test_matrix_correlations[CCLE_expression_transcripts_expected_count-0.99999-persample-spearman] _

data = (            TSPAN6 (ENST00000373020)  ...  ERCC-00171
ACH-001113                    2272.9  ...      1059.0
ACH-00128....0     27312.0
ACH-000052           2956.3              0.0  ...         0.0         0.0

[1511 rows x 199271 columns])
threshold = 0.99999, axisname = 'persample', method = 'spearman'

    @pytest.mark.parametrize('method', ['spearman',
                             pytest.param('pearson',
                             marks=pytest.mark.skip(reason='Pearson can be sensitive to outliers'))])
    @pytest.mark.parametrize('axisname', ['persample',
                            pytest.param('pergene',
                            marks=pytest.mark.skip(reason='If persample fails usually this fails too'))])
    @pytest.mark.parametrize('data, threshold', PARAMS_matrix_correlations, indirect=['data'])
    @pytest.mark.compare
    def test_matrix_correlations(data, threshold, axisname, method):
        axis = 0 if axisname == 'pergene' else 1 if axisname == 'persample' else None
        data1, data2 = data
        corrs = data1.corrwith(data2, axis=axis, drop=True, method=method)
        # TODO: tests for NAs instead of dropping them. It seems like NA can happen if there are all zeros in one of the vectors, so let's dropna for now
        corrs.dropna(inplace=True)
>       assert (corrs >= threshold).all(), 'the cases which did not pass the tests are:\n{}'.format(corrs[corrs<threshold].sort_values())
E       AssertionError: the cases which did not pass the tests are:
E         ACH-001163    0.541534
E         ACH-000833    0.610291
E         ACH-001164    0.759643
E         ACH-001196    0.763026
E         ACH-001096    0.763026
E         dtype: float64
E       assert False
E        +  where False = <bound method NDFrame._add_numeric_operations.<locals>.all of ACH-001113    True\nACH-001289    True\nACH-001339    True...H-000750    True\nACH-000285    True\nACH-001858    True\nACH-001997    True\nACH-000052    True\nLength: 1410, dtype: bool>()
E        +    where <bound method NDFrame._add_numeric_operations.<locals>.all of ACH-001113    True\nACH-001289    True\nACH-001339    True...H-000750    True\nACH-000285    True\nACH-001858    True\nACH-001997    True\nACH-000052    True\nLength: 1410, dtype: bool> = ACH-001113    1.0\nACH-001289    1.0\nACH-001339    1.0\nACH-001538    1.0\nACH-000242    1.0\n             ... \nACH-000750    1.0\nACH-000285    1.0\nACH-001858    1.0\nACH-001997    1.0\nACH-000052    1.0\nLength: 1410, dtype: float64 >= 0.99999.all

test_compare_to_ref_release.py:76: AssertionError
__ test_matrix_correlations[CCLE_expression_full-0.99999-persample-spearman] ___

data = (            TSPAN6 (ENSG00000000003)  ...  ERCC-00171
ACH-001113                  4.990501  ...    7.053872
ACH-00128...          5.805292  ...    8.399043
ACH-000052                  4.870858  ...    0.000000

[1511 rows x 52053 columns])
threshold = 0.99999, axisname = 'persample', method = 'spearman'

    @pytest.mark.parametrize('method', ['spearman',
                             pytest.param('pearson',
                             marks=pytest.mark.skip(reason='Pearson can be sensitive to outliers'))])
    @pytest.mark.parametrize('axisname', ['persample',
                            pytest.param('pergene',
                            marks=pytest.mark.skip(reason='If persample fails usually this fails too'))])
    @pytest.mark.parametrize('data, threshold', PARAMS_matrix_correlations, indirect=['data'])
    @pytest.mark.compare
    def test_matrix_correlations(data, threshold, axisname, method):
        axis = 0 if axisname == 'pergene' else 1 if axisname == 'persample' else None
        data1, data2 = data
        corrs = data1.corrwith(data2, axis=axis, drop=True, method=method)
        # TODO: tests for NAs instead of dropping them. It seems like NA can happen if there are all zeros in one of the vectors, so let's dropna for now
        corrs.dropna(inplace=True)
>       assert (corrs >= threshold).all(), 'the cases which did not pass the tests are:\n{}'.format(corrs[corrs<threshold].sort_values())
E       AssertionError: the cases which did not pass the tests are:
E         ACH-001163    0.833262
E         ACH-000833    0.848205
E         ACH-001196    0.859933
E         ACH-001096    0.859933
E         ACH-001164    0.864884
E         dtype: float64
E       assert False
E        +  where False = <bound method NDFrame._add_numeric_operations.<locals>.all of ACH-001113    True\nACH-001289    True\nACH-001339    True...H-000750    True\nACH-000285    True\nACH-001858    True\nACH-001997    True\nACH-000052    True\nLength: 1410, dtype: bool>()
E        +    where <bound method NDFrame._add_numeric_operations.<locals>.all of ACH-001113    True\nACH-001289    True\nACH-001339    True...H-000750    True\nACH-000285    True\nACH-001858    True\nACH-001997    True\nACH-000052    True\nLength: 1410, dtype: bool> = ACH-001113    1.0\nACH-001289    1.0\nACH-001339    1.0\nACH-001538    1.0\nACH-000242    1.0\n             ... \nACH-000750    1.0\nACH-000285    1.0\nACH-001858    1.0\nACH-001997    1.0\nACH-000052    1.0\nLength: 1410, dtype: float64 >= 0.99999.all

test_compare_to_ref_release.py:76: AssertionError
____ test_matrix_correlations[CCLE_RNAseq_reads-0.99999-persample-spearman] ____

data = (            TSPAN6 (ENSG00000000003)  ...  ERCC-00171
ACH-001113                    2383.0  ...      1059.0
ACH-00128...           41694.0  ...     27312.0
ACH-000052                    3188.0  ...         0.0

[1511 rows x 52437 columns])
threshold = 0.99999, axisname = 'persample', method = 'spearman'

    @pytest.mark.parametrize('method', ['spearman',
                             pytest.param('pearson',
                             marks=pytest.mark.skip(reason='Pearson can be sensitive to outliers'))])
    @pytest.mark.parametrize('axisname', ['persample',
                            pytest.param('pergene',
                            marks=pytest.mark.skip(reason='If persample fails usually this fails too'))])
    @pytest.mark.parametrize('data, threshold', PARAMS_matrix_correlations, indirect=['data'])
    @pytest.mark.compare
    def test_matrix_correlations(data, threshold, axisname, method):
        axis = 0 if axisname == 'pergene' else 1 if axisname == 'persample' else None
        data1, data2 = data
        corrs = data1.corrwith(data2, axis=axis, drop=True, method=method)
        # TODO: tests for NAs instead of dropping them. It seems like NA can happen if there are all zeros in one of the vectors, so let's dropna for now
        corrs.dropna(inplace=True)
>       assert (corrs >= threshold).all(), 'the cases which did not pass the tests are:\n{}'.format(corrs[corrs<threshold].sort_values())
E       AssertionError: the cases which did not pass the tests are:
E         ACH-001163    0.848882
E         ACH-000833    0.868487
E         ACH-001196    0.873527
E         ACH-001096    0.873527
E         ACH-001164    0.879143
E         dtype: float64
E       assert False
E        +  where False = <bound method NDFrame._add_numeric_operations.<locals>.all of ACH-001113    True\nACH-001289    True\nACH-001339    True...H-000750    True\nACH-000285    True\nACH-001858    True\nACH-001997    True\nACH-000052    True\nLength: 1410, dtype: bool>()
E        +    where <bound method NDFrame._add_numeric_operations.<locals>.all of ACH-001113    True\nACH-001289    True\nACH-001339    True...H-000750    True\nACH-000285    True\nACH-001858    True\nACH-001997    True\nACH-000052    True\nLength: 1410, dtype: bool> = ACH-001113    1.0\nACH-001289    1.0\nACH-001339    1.0\nACH-001538    1.0\nACH-000242    1.0\n             ... \nACH-000750    1.0\nACH-000285    1.0\nACH-001858    1.0\nACH-001997    1.0\nACH-000052    1.0\nLength: 1410, dtype: float64 >= 0.99999.all

test_compare_to_ref_release.py:76: AssertionError
_______ test_fraction_of_unequal_columns_from_merged_file[CCLE_fusions] ________

dataframes_merged =         DepMap_ID  ...      _merge
0      ACH-001113  ...        both
1      ACH-001113  ...        both
2      ACH-00...02669  ...  right_only
46623  ACH-002669  ...  right_only
46624  ACH-002669  ...  right_only

[46625 rows x 28 columns]
expected_changed_cols = ['CCLE_count']

    @pytest.mark.parametrize('dataframes_merged, expected_changed_cols', PARAMS_fraction_of_unequl_columns_from_merged_file,
                             indirect=['dataframes_merged'], ids=[x[0][0] for x in PARAMS_fraction_of_unequl_columns_from_merged_file])
    @pytest.mark.compare
    def test_fraction_of_unequal_columns_from_merged_file(dataframes_merged, expected_changed_cols):
        dataframes_merged.drop([x+'_x' for x in expected_changed_cols], inplace=True, axis=1)
        dataframes_merged.drop([x+'_y' for x in expected_changed_cols], inplace=True, axis=1)
        cols = list(set([x[:-2] for x in dataframes_merged.columns if x.endswith('_x') | x.endswith('_y')]))
        dataframe_merge_both = dataframes_merged[dataframes_merged['_merge'] == 'both']
        dataframe_merge_both.set_index('DepMap_ID', inplace=True)
        unequal_values = pd.DataFrame(index=dataframe_merge_both.index, columns=cols)
        cols_dtype = dataframe_merge_both[[col+'_x' for col in cols]].dtypes
        equal_nonNA = lambda a, b: (a == b) | ((a != a) & (b != b)) # this is a regular equality tests with the exception that NA==NA
        almost_equal_nonNA = lambda a, b: np.isclose(a, b) | ((a != a) & (b != b)) # this is a regular equality tests with the exception that NA==NA
        for col in cols:
            if cols_dtype[col+'_x'] == np.dtype('float64'): # otherwise very close values will look different
                unequal_values[col] = ~almost_equal_nonNA(dataframe_merge_both[col+'_x'], dataframe_merge_both[col+'_y'])
            else:
                unequal_values[col] = ~equal_nonNA(dataframe_merge_both[col+'_x'], dataframe_merge_both[col+'_y'])
    
        unequal_columns = unequal_values.agg(['mean', 'sum']).T
        unequal_columns.sort_values('mean', ascending=False, inplace=True)
        unequal_columns['sum'] = unequal_columns['sum'].astype(int)
        unequal_columns = unequal_columns[unequal_columns['sum'] > 0]
        unequal_columns.rename(columns={'mean': 'freq', 'sum': 'count'}, inplace=True)
    
        unequal_values_sum = unequal_values.groupby('DepMap_ID').sum()
        unequal_values_sum = unequal_values_sum[(unequal_values_sum > 0).any(axis=1)]
        unequal_values_sum = unequal_values_sum.loc[:, (unequal_values_sum > 0).all()]
    
>       assert unequal_columns.empty, 'fraction of unequal values in each column that are expected to be equal:\n{}\
            \n\ncell lines affected by these changes:\n{}'.format(unequal_columns, unequal_values_sum)
E       AssertionError: fraction of unequal values in each column that are expected to be equal:
E                                 freq  count
E         FFPM                0.001024     45
E         JunctionReadCount   0.001001     44
E         SpanningFragCount   0.000955     42
E         LargeAnchorSupport  0.000023      1        
E         
E         cell lines affected by these changes:
E                     JunctionReadCount  FFPM  SpanningFragCount
E         DepMap_ID                                             
E         ACH-000833                  9     9                  9
E         ACH-001163                  2     2                  2
E         ACH-001164                 33    34                 31
E       assert False
E        +  where False =                         freq  count\nFFPM                0.001024     45\nJunctionReadCount   0.001001     44\nSpanningFragCount   0.000955     42\nLargeAnchorSupport  0.000023      1.empty

test_compare_to_ref_release.py:110: AssertionError
__ test_fraction_of_unequal_columns_from_merged_file[CCLE_fusions_unfiltered] __

dataframes_merged =          DepMap_ID  ...      _merge
0       ACH-001113  ...        both
1       ACH-001113  ...        both
2       AC...69  ...  right_only
368208  ACH-002669  ...  right_only
368209  ACH-002669  ...  right_only

[368210 rows x 28 columns]
expected_changed_cols = ['CCLE_count']

    @pytest.mark.parametrize('dataframes_merged, expected_changed_cols', PARAMS_fraction_of_unequl_columns_from_merged_file,
                             indirect=['dataframes_merged'], ids=[x[0][0] for x in PARAMS_fraction_of_unequl_columns_from_merged_file])
    @pytest.mark.compare
    def test_fraction_of_unequal_columns_from_merged_file(dataframes_merged, expected_changed_cols):
        dataframes_merged.drop([x+'_x' for x in expected_changed_cols], inplace=True, axis=1)
        dataframes_merged.drop([x+'_y' for x in expected_changed_cols], inplace=True, axis=1)
        cols = list(set([x[:-2] for x in dataframes_merged.columns if x.endswith('_x') | x.endswith('_y')]))
        dataframe_merge_both = dataframes_merged[dataframes_merged['_merge'] == 'both']
        dataframe_merge_both.set_index('DepMap_ID', inplace=True)
        unequal_values = pd.DataFrame(index=dataframe_merge_both.index, columns=cols)
        cols_dtype = dataframe_merge_both[[col+'_x' for col in cols]].dtypes
        equal_nonNA = lambda a, b: (a == b) | ((a != a) & (b != b)) # this is a regular equality tests with the exception that NA==NA
        almost_equal_nonNA = lambda a, b: np.isclose(a, b) | ((a != a) & (b != b)) # this is a regular equality tests with the exception that NA==NA
        for col in cols:
            if cols_dtype[col+'_x'] == np.dtype('float64'): # otherwise very close values will look different
                unequal_values[col] = ~almost_equal_nonNA(dataframe_merge_both[col+'_x'], dataframe_merge_both[col+'_y'])
            else:
                unequal_values[col] = ~equal_nonNA(dataframe_merge_both[col+'_x'], dataframe_merge_both[col+'_y'])
    
        unequal_columns = unequal_values.agg(['mean', 'sum']).T
        unequal_columns.sort_values('mean', ascending=False, inplace=True)
        unequal_columns['sum'] = unequal_columns['sum'].astype(int)
        unequal_columns = unequal_columns[unequal_columns['sum'] > 0]
        unequal_columns.rename(columns={'mean': 'freq', 'sum': 'count'}, inplace=True)
    
        unequal_values_sum = unequal_values.groupby('DepMap_ID').sum()
        unequal_values_sum = unequal_values_sum[(unequal_values_sum > 0).any(axis=1)]
        unequal_values_sum = unequal_values_sum.loc[:, (unequal_values_sum > 0).all()]
    
>       assert unequal_columns.empty, 'fraction of unequal values in each column that are expected to be equal:\n{}\
            \n\ncell lines affected by these changes:\n{}'.format(unequal_columns, unequal_values_sum)
E       AssertionError: fraction of unequal values in each column that are expected to be equal:
E                                 freq  count
E         FFPM                0.000331    118
E         JunctionReadCount   0.000298    106
E         SpanningFragCount   0.000267     95
E         LargeAnchorSupport  0.000020      7
E         SpliceType          0.000006      2        
E         
E         cell lines affected by these changes:
E                     JunctionReadCount  FFPM  SpanningFragCount
E         DepMap_ID                                             
E         ACH-000756                  2     2                  2
E         ACH-000833                 19    22                 18
E         ACH-001096                 16    19                 14
E         ACH-001163                  4     4                  3
E         ACH-001164                 49    52                 44
E         ACH-001196                 16    19                 14
E       assert False
E        +  where False =                         freq  count\nFFPM                0.000331    118\nJunctionReadCount   0.000298    106\nSpanningFragCount   0.000267     95\nLargeAnchorSupport  0.000020      7\nSpliceType          0.000006      2.empty

test_compare_to_ref_release.py:110: AssertionError
=========================== short test summary info ============================
FAILED test_compare_to_ref_release.py::test_compare_column_names[CCLE_expression]
FAILED test_compare_to_ref_release.py::test_compare_column_names[CCLE_expression_proteincoding_genes_expected_count]
FAILED test_compare_to_ref_release.py::test_compare_column_names[CCLE_RNAseq_transcripts]
FAILED test_compare_to_ref_release.py::test_compare_column_names[CCLE_expression_transcripts_expected_count]
FAILED test_compare_to_ref_release.py::test_compare_column_names[CCLE_expression_full]
FAILED test_compare_to_ref_release.py::test_compare_column_names[CCLE_RNAseq_reads]
FAILED test_compare_to_ref_release.py::test_matrix_correlations[CCLE_expression-0.99999-persample-spearman]
FAILED test_compare_to_ref_release.py::test_matrix_correlations[CCLE_expression_proteincoding_genes_expected_count-0.99999-persample-spearman]
FAILED test_compare_to_ref_release.py::test_matrix_correlations[CCLE_RNAseq_transcripts-0.99999-persample-spearman]
FAILED test_compare_to_ref_release.py::test_matrix_correlations[CCLE_expression_transcripts_expected_count-0.99999-persample-spearman]
FAILED test_compare_to_ref_release.py::test_matrix_correlations[CCLE_expression_full-0.99999-persample-spearman]
FAILED test_compare_to_ref_release.py::test_matrix_correlations[CCLE_RNAseq_reads-0.99999-persample-spearman]
FAILED test_compare_to_ref_release.py::test_fraction_of_unequal_columns_from_merged_file[CCLE_fusions]
FAILED test_compare_to_ref_release.py::test_fraction_of_unequal_columns_from_merged_file[CCLE_fusions_unfiltered]
============ 14 failed, 65 passed, 29 skipped in 2687.59s (0:44:47) ============
